<?xml version="1.0" encoding="UTF-8"?>
<robot generator="Robot 6.0.1 (Python 3.11.0 on win32)" generated="20230214 14:39:08.146" rpa="false" schemaversion="3">
<suite id="s1" name="LinkedProject" source="C:\Users\Jayabalaji.K\PycharmProjects\CodexStage\LinkedProject.robot">
<test id="s1-t1" name="TO CHECK FUNCTIONALITIES OF CODEX STAGE ENV" line="13">
<kw name="Open Browser" library="SeleniumLibrary" type="SETUP">
<arg>https://codexstage.azurewebsites.net/</arg>
<arg>edge</arg>
<doc>Opens a new browser instance to the optional ``url``.</doc>
<msg timestamp="20230214 14:39:08.700" level="INFO">Opening browser 'edge' to base url 'https://codexstage.azurewebsites.net/'.</msg>
<status status="PASS" starttime="20230214 14:39:08.700" endtime="20230214 14:39:18.094"/>
</kw>
<kw name="Maximize Browser Window" library="SeleniumLibrary">
<doc>Maximizes current browser window.</doc>
<status status="PASS" starttime="20230214 14:39:18.094" endtime="20230214 14:39:18.267"/>
</kw>
<kw name="Sleep" library="BuiltIn">
<arg>15</arg>
<doc>Pauses the test executed for the given time.</doc>
<msg timestamp="20230214 14:39:33.267" level="INFO">Slept 15 seconds</msg>
<status status="PASS" starttime="20230214 14:39:18.267" endtime="20230214 14:39:33.267"/>
</kw>
<kw name="Sleep" library="BuiltIn">
<arg>8</arg>
<doc>Pauses the test executed for the given time.</doc>
<msg timestamp="20230214 14:39:41.268" level="INFO">Slept 8 seconds</msg>
<status status="PASS" starttime="20230214 14:39:33.267" endtime="20230214 14:39:41.268"/>
</kw>
<kw name="Click Element" library="SeleniumLibrary">
<arg>XPATH://*[@id="midContainer"]/div/div[2]/div[1]/div/div[1]/input</arg>
<doc>Click the element identified by ``locator``.</doc>
<msg timestamp="20230214 14:39:41.268" level="INFO">Clicking element 'XPATH://*[@id="midContainer"]/div/div[2]/div[1]/div/div[1]/input'.</msg>
<status status="PASS" starttime="20230214 14:39:41.268" endtime="20230214 14:39:43.893"/>
</kw>
<kw name="Input Text" library="SeleniumLibrary">
<arg>XPATH://*[@id="midContainer"]/div/div[2]/div[1]/div/div[1]/input</arg>
<arg>Digital Platform 2024-25</arg>
<doc>Types the given ``text`` into the text field identified by ``locator``.</doc>
<msg timestamp="20230214 14:39:43.893" level="INFO">Typing text 'Digital Platform 2024-25' into text field 'XPATH://*[@id="midContainer"]/div/div[2]/div[1]/div/div[1]/input'.</msg>
<status status="PASS" starttime="20230214 14:39:43.893" endtime="20230214 14:39:44.093"/>
</kw>
<kw name="Sleep" library="BuiltIn">
<arg>4</arg>
<doc>Pauses the test executed for the given time.</doc>
<msg timestamp="20230214 14:39:48.094" level="INFO">Slept 4 seconds</msg>
<status status="PASS" starttime="20230214 14:39:44.093" endtime="20230214 14:39:48.094"/>
</kw>
<kw name="Click Element" library="SeleniumLibrary">
<arg>XPATH:/html/body/codex-root/div[1]/home/div/dashboard/div/div/div[2]/div[2]/div[2]/div[2]/div[1]/div/span[1]/span[2]</arg>
<doc>Click the element identified by ``locator``.</doc>
<msg timestamp="20230214 14:39:48.094" level="INFO">Clicking element 'XPATH:/html/body/codex-root/div[1]/home/div/dashboard/div/div/div[2]/div[2]/div[2]/div[2]/div[1]/div/span[1]/span[2]'.</msg>
<status status="PASS" starttime="20230214 14:39:48.094" endtime="20230214 14:39:48.186"/>
</kw>
<kw name="Sleep" library="BuiltIn">
<arg>12</arg>
<doc>Pauses the test executed for the given time.</doc>
<msg timestamp="20230214 14:40:00.186" level="INFO">Slept 12 seconds</msg>
<status status="PASS" starttime="20230214 14:39:48.186" endtime="20230214 14:40:00.186"/>
</kw>
<kw name="Click Element" library="SeleniumLibrary">
<arg>XPATH:/html/body/codex-root/div[1]/home/div/projectdetails/div[1]/div/div[2]/div/div[1]/div[1]/div/p[2]/span</arg>
<doc>Click the element identified by ``locator``.</doc>
<msg timestamp="20230214 14:40:00.186" level="INFO">Clicking element 'XPATH:/html/body/codex-root/div[1]/home/div/projectdetails/div[1]/div/div[2]/div/div[1]/div[1]/div/p[2]/span'.</msg>
<status status="PASS" starttime="20230214 14:40:00.186" endtime="20230214 14:40:00.319"/>
</kw>
<kw name="Sleep" library="BuiltIn">
<arg>4</arg>
<doc>Pauses the test executed for the given time.</doc>
<msg timestamp="20230214 14:40:04.320" level="INFO">Slept 4 seconds</msg>
<status status="PASS" starttime="20230214 14:40:00.319" endtime="20230214 14:40:04.320"/>
</kw>
<kw name="Click Element" library="SeleniumLibrary">
<arg>XPATH://*[@id="midContainer"]/div/div[2]/div[3]/button</arg>
<doc>Click the element identified by ``locator``.</doc>
<msg timestamp="20230214 14:40:04.320" level="INFO">Clicking element 'XPATH://*[@id="midContainer"]/div/div[2]/div[3]/button'.</msg>
<status status="PASS" starttime="20230214 14:40:04.320" endtime="20230214 14:40:04.382"/>
</kw>
<kw name="Sleep" library="BuiltIn">
<arg>6</arg>
<doc>Pauses the test executed for the given time.</doc>
<msg timestamp="20230214 14:40:10.382" level="INFO">Slept 6 seconds</msg>
<status status="PASS" starttime="20230214 14:40:04.382" endtime="20230214 14:40:10.382"/>
</kw>
<kw name="Scroll Element Into View" library="SeleniumLibrary">
<arg>XPATH://*[@id="newEsc"]/form/div/div/div[2]/div[1]/div[5]/input</arg>
<doc>Scrolls the element identified by ``locator`` into view.</doc>
<status status="PASS" starttime="20230214 14:40:10.382" endtime="20230214 14:40:10.661"/>
</kw>
<kw name="Click Element" library="SeleniumLibrary">
<arg>XPATH://*[@id="newEsc"]/form/div/div/div[2]/div[1]/div[5]/input</arg>
<doc>Click the element identified by ``locator``.</doc>
<msg timestamp="20230214 14:40:10.661" level="INFO">Clicking element 'XPATH://*[@id="newEsc"]/form/div/div/div[2]/div[1]/div[5]/input'.</msg>
<status status="PASS" starttime="20230214 14:40:10.661" endtime="20230214 14:40:10.712"/>
</kw>
<kw name="Input Text" library="SeleniumLibrary">
<arg>XPATH://*[@id="newEsc"]/form/div/div/div[2]/div[1]/div[5]/input</arg>
<arg>JAYABALAJI K</arg>
<doc>Types the given ``text`` into the text field identified by ``locator``.</doc>
<msg timestamp="20230214 14:40:10.713" level="INFO">Typing text 'JAYABALAJI K' into text field 'XPATH://*[@id="newEsc"]/form/div/div/div[2]/div[1]/div[5]/input'.</msg>
<status status="PASS" starttime="20230214 14:40:10.712" endtime="20230214 14:40:10.846"/>
</kw>
<kw name="Sleep" library="BuiltIn">
<arg>1</arg>
<doc>Pauses the test executed for the given time.</doc>
<msg timestamp="20230214 14:40:11.846" level="INFO">Slept 1 second</msg>
<status status="PASS" starttime="20230214 14:40:10.846" endtime="20230214 14:40:11.846"/>
</kw>
<kw name="Scroll Element Into View" library="SeleniumLibrary">
<arg>XPATH:/html/body/codex-root/div[1]/home/div/app-new-escalation/div[2]/form/div/div/div[2]/div[1]/div[7]/div/ul/li[2]/input</arg>
<doc>Scrolls the element identified by ``locator`` into view.</doc>
<status status="PASS" starttime="20230214 14:40:11.846" endtime="20230214 14:40:12.143"/>
</kw>
<kw name="Click Element" library="SeleniumLibrary">
<arg>XPATH://*[@id="newEsc"]/form/div/div/div[2]/div[1]/div[7]/div/ul/li[1]/input</arg>
<doc>Click the element identified by ``locator``.</doc>
<msg timestamp="20230214 14:40:12.143" level="INFO">Clicking element 'XPATH://*[@id="newEsc"]/form/div/div/div[2]/div[1]/div[7]/div/ul/li[1]/input'.</msg>
<status status="PASS" starttime="20230214 14:40:12.143" endtime="20230214 14:40:12.246"/>
</kw>
<kw name="Click Element" library="SeleniumLibrary">
<arg>XPATH://*[@id="newEsc"]/form/div/div/div[2]/div[1]/div[7]/div/ul/ul[1]/li[1]/input</arg>
<doc>Click the element identified by ``locator``.</doc>
<msg timestamp="20230214 14:40:12.249" level="INFO">Clicking element 'XPATH://*[@id="newEsc"]/form/div/div/div[2]/div[1]/div[7]/div/ul/ul[1]/li[1]/input'.</msg>
<status status="PASS" starttime="20230214 14:40:12.249" endtime="20230214 14:40:12.325"/>
</kw>
<kw name="Sleep" library="BuiltIn">
<arg>1</arg>
<doc>Pauses the test executed for the given time.</doc>
<msg timestamp="20230214 14:40:13.326" level="INFO">Slept 1 second</msg>
<status status="PASS" starttime="20230214 14:40:12.325" endtime="20230214 14:40:13.326"/>
</kw>
<kw name="Scroll Element Into View" library="SeleniumLibrary">
<arg>XPATH://*[@id="newEsc"]/form/div/div/div[2]/div[2]/div/input</arg>
<doc>Scrolls the element identified by ``locator`` into view.</doc>
<status status="PASS" starttime="20230214 14:40:13.326" endtime="20230214 14:40:13.623"/>
</kw>
<kw name="Input Text" library="SeleniumLibrary">
<arg>XPATH://*[@id="newEsc"]/form/div/div/div[2]/div[2]/div/input</arg>
<arg>Testing Purpose only</arg>
<doc>Types the given ``text`` into the text field identified by ``locator``.</doc>
<msg timestamp="20230214 14:40:13.623" level="INFO">Typing text 'Testing Purpose only' into text field 'XPATH://*[@id="newEsc"]/form/div/div/div[2]/div[2]/div/input'.</msg>
<status status="PASS" starttime="20230214 14:40:13.623" endtime="20230214 14:40:13.791"/>
</kw>
<kw name="Click Element" library="SeleniumLibrary">
<arg>XPATH://*[@id="newEsc"]/form/div/div/div[2]/div[2]/div/textarea</arg>
<doc>Click the element identified by ``locator``.</doc>
<msg timestamp="20230214 14:40:13.791" level="INFO">Clicking element 'XPATH://*[@id="newEsc"]/form/div/div/div[2]/div[2]/div/textarea'.</msg>
<status status="PASS" starttime="20230214 14:40:13.791" endtime="20230214 14:40:13.864"/>
</kw>
<kw name="Input Text" library="SeleniumLibrary">
<arg>XPATH://*[@id="newEsc"]/form/div/div/div[2]/div[2]/div/textarea</arg>
<arg>TESTING NEWLY LINKED PROJECT</arg>
<doc>Types the given ``text`` into the text field identified by ``locator``.</doc>
<msg timestamp="20230214 14:40:13.865" level="INFO">Typing text 'TESTING NEWLY LINKED PROJECT' into text field 'XPATH://*[@id="newEsc"]/form/div/div/div[2]/div[2]/div/textarea'.</msg>
<status status="PASS" starttime="20230214 14:40:13.865" endtime="20230214 14:40:14.027"/>
</kw>
<kw name="Click Element" library="SeleniumLibrary">
<arg>XPATH://*[@id="newEsc"]/form/div/div/div[3]/div[3]/button</arg>
<doc>Click the element identified by ``locator``.</doc>
<msg timestamp="20230214 14:40:14.027" level="INFO">Clicking element 'XPATH://*[@id="newEsc"]/form/div/div/div[3]/div[3]/button'.</msg>
<status status="PASS" starttime="20230214 14:40:14.027" endtime="20230214 14:40:14.083"/>
</kw>
<kw name="Sleep" library="BuiltIn">
<arg>6</arg>
<doc>Pauses the test executed for the given time.</doc>
<msg timestamp="20230214 14:40:20.085" level="INFO">Slept 6 seconds</msg>
<status status="PASS" starttime="20230214 14:40:14.085" endtime="20230214 14:40:20.085"/>
</kw>
<kw name="Click Element" library="SeleniumLibrary">
<arg>XPATH://span[@title='My Projects']</arg>
<doc>Click the element identified by ``locator``.</doc>
<msg timestamp="20230214 14:40:20.085" level="INFO">Clicking element 'XPATH://span[@title='My Projects']'.</msg>
<status status="PASS" starttime="20230214 14:40:20.085" endtime="20230214 14:40:20.188"/>
</kw>
<kw name="Sleep" library="BuiltIn">
<arg>8</arg>
<doc>Pauses the test executed for the given time.</doc>
<msg timestamp="20230214 14:40:28.188" level="INFO">Slept 8 seconds</msg>
<status status="PASS" starttime="20230214 14:40:20.188" endtime="20230214 14:40:28.188"/>
</kw>
<kw name="Click Element" library="SeleniumLibrary">
<arg>XPATH://*[@id="midContainer"]/div/div[2]/div[1]/div/div[1]/input</arg>
<doc>Click the element identified by ``locator``.</doc>
<msg timestamp="20230214 14:40:28.188" level="INFO">Clicking element 'XPATH://*[@id="midContainer"]/div/div[2]/div[1]/div/div[1]/input'.</msg>
<status status="PASS" starttime="20230214 14:40:28.188" endtime="20230214 14:40:28.271"/>
</kw>
<kw name="Input Text" library="SeleniumLibrary">
<arg>XPATH://*[@id="midContainer"]/div/div[2]/div[1]/div/div[1]/input</arg>
<arg>Digital Platform 2023</arg>
<doc>Types the given ``text`` into the text field identified by ``locator``.</doc>
<msg timestamp="20230214 14:40:28.272" level="INFO">Typing text 'Digital Platform 2023' into text field 'XPATH://*[@id="midContainer"]/div/div[2]/div[1]/div/div[1]/input'.</msg>
<status status="PASS" starttime="20230214 14:40:28.272" endtime="20230214 14:40:28.500"/>
</kw>
<kw name="Sleep" library="BuiltIn">
<arg>3</arg>
<doc>Pauses the test executed for the given time.</doc>
<msg timestamp="20230214 14:40:31.509" level="INFO">Slept 3 seconds</msg>
<status status="PASS" starttime="20230214 14:40:28.500" endtime="20230214 14:40:31.509"/>
</kw>
<kw name="Click Element" library="SeleniumLibrary">
<arg>XPATH:/html/body/codex-root/div[1]/home/div/dashboard/div/div/div[2]/div[2]/div[2]/div[2]/div/div/span[1]/span[2]</arg>
<doc>Click the element identified by ``locator``.</doc>
<msg timestamp="20230214 14:40:31.509" level="INFO">Clicking element 'XPATH:/html/body/codex-root/div[1]/home/div/dashboard/div/div/div[2]/div[2]/div[2]/div[2]/div/div/span[1]/span[2]'.</msg>
<status status="PASS" starttime="20230214 14:40:31.509" endtime="20230214 14:40:31.584"/>
</kw>
<kw name="Sleep" library="BuiltIn">
<arg>8</arg>
<doc>Pauses the test executed for the given time.</doc>
<msg timestamp="20230214 14:40:39.585" level="INFO">Slept 8 seconds</msg>
<status status="PASS" starttime="20230214 14:40:31.585" endtime="20230214 14:40:39.585"/>
</kw>
<kw name="Click Element" library="SeleniumLibrary">
<arg>XPATH://*[@id="feature3"]/div/p[2]/span/span</arg>
<doc>Click the element identified by ``locator``.</doc>
<msg timestamp="20230214 14:40:39.585" level="INFO">Clicking element 'XPATH://*[@id="feature3"]/div/p[2]/span/span'.</msg>
<status status="PASS" starttime="20230214 14:40:39.585" endtime="20230214 14:40:39.677"/>
</kw>
<kw name="Sleep" library="BuiltIn">
<arg>6</arg>
<doc>Pauses the test executed for the given time.</doc>
<msg timestamp="20230214 14:40:45.678" level="INFO">Slept 6 seconds</msg>
<status status="PASS" starttime="20230214 14:40:39.677" endtime="20230214 14:40:45.678"/>
</kw>
<kw name="Click Element" library="SeleniumLibrary">
<arg>XPATH://*[@id="midContainer"]/div/div[2]/div[2]/ul/li/span[5]/p</arg>
<doc>Click the element identified by ``locator``.</doc>
<msg timestamp="20230214 14:40:45.680" level="INFO">Clicking element 'XPATH://*[@id="midContainer"]/div/div[2]/div[2]/ul/li/span[5]/p'.</msg>
<status status="PASS" starttime="20230214 14:40:45.678" endtime="20230214 14:40:45.752"/>
</kw>
<kw name="Sleep" library="BuiltIn">
<arg>2</arg>
<doc>Pauses the test executed for the given time.</doc>
<msg timestamp="20230214 14:40:47.754" level="INFO">Slept 2 seconds</msg>
<status status="PASS" starttime="20230214 14:40:45.752" endtime="20230214 14:40:47.754"/>
</kw>
<kw name="Click Element" library="SeleniumLibrary">
<arg>XPATH://*[@id="cp0"]/div/div/div/div[2]/div/span</arg>
<doc>Click the element identified by ``locator``.</doc>
<msg timestamp="20230214 14:40:47.754" level="INFO">Clicking element 'XPATH://*[@id="cp0"]/div/div/div/div[2]/div/span'.</msg>
<status status="PASS" starttime="20230214 14:40:47.754" endtime="20230214 14:40:47.802"/>
</kw>
<kw name="Capture Page Screenshot" library="SeleniumLibrary">
<arg>C:\Users\Jayabalaji.K\PycharmProjects\CodexStage\ClientPulse.png</arg>
<doc>Takes a screenshot of the current page and embeds it into a log file.</doc>
<msg timestamp="20230214 14:40:47.950" level="INFO" html="true">&lt;/td&gt;&lt;/tr&gt;&lt;tr&gt;&lt;td colspan="3"&gt;&lt;a href="UsersJayabalaji.KPycharmProjectsCodexStageClientPulse.png"&gt;&lt;img src="UsersJayabalaji.KPycharmProjectsCodexStageClientPulse.png" width="800px"&gt;&lt;/a&gt;</msg>
<status status="PASS" starttime="20230214 14:40:47.802" endtime="20230214 14:40:47.950"/>
</kw>
<kw name="Sleep" library="BuiltIn">
<arg>3</arg>
<doc>Pauses the test executed for the given time.</doc>
<msg timestamp="20230214 14:40:50.963" level="INFO">Slept 3 seconds</msg>
<status status="PASS" starttime="20230214 14:40:47.963" endtime="20230214 14:40:50.963"/>
</kw>
<kw name="Wait Until Element Is Visible" library="SeleniumLibrary">
<arg>XPATH:/html/body/codex-root/div[1]/home/app-header/div[1]/div[13]/div[1]/div/span[2]/ul/li[2]/span[1]</arg>
<doc>Waits until the element ``locator`` is visible.</doc>
<status status="PASS" starttime="20230214 14:40:50.963" endtime="20230214 14:40:51.010"/>
</kw>
<kw name="Wait Until Element Is Enabled" library="SeleniumLibrary">
<arg>XPATH:/html/body/codex-root/div[1]/home/app-header/div[1]/div[13]/div[1]/div/span[2]/ul/li[2]/span[1]</arg>
<doc>Waits until the element ``locator`` is enabled.</doc>
<status status="PASS" starttime="20230214 14:40:51.010" endtime="20230214 14:40:51.058"/>
</kw>
<kw name="Click Element" library="SeleniumLibrary">
<arg>XPATH:/html/body/codex-root/div[1]/home/app-header/div[1]/div[13]/div[1]/div/span[2]/ul/li[2]/span[1]</arg>
<doc>Click the element identified by ``locator``.</doc>
<msg timestamp="20230214 14:40:51.058" level="INFO">Clicking element 'XPATH:/html/body/codex-root/div[1]/home/app-header/div[1]/div[13]/div[1]/div/span[2]/ul/li[2]/span[1]'.</msg>
<status status="PASS" starttime="20230214 14:40:51.058" endtime="20230214 14:40:51.137"/>
</kw>
<kw name="Sleep" library="BuiltIn">
<arg>5</arg>
<doc>Pauses the test executed for the given time.</doc>
<msg timestamp="20230214 14:40:56.137" level="INFO">Slept 5 seconds</msg>
<status status="PASS" starttime="20230214 14:40:51.137" endtime="20230214 14:40:56.137"/>
</kw>
<kw name="Scroll Element Into View" library="SeleniumLibrary">
<arg>XPATH:/html/body/codex-root/div[1]/home/div/projectdetails/div[1]/div/div[2]/div/div[1]/div[11]/div/p[2]/span</arg>
<doc>Scrolls the element identified by ``locator`` into view.</doc>
<status status="PASS" starttime="20230214 14:40:56.137" endtime="20230214 14:40:56.436"/>
</kw>
<kw name="Click Element" library="SeleniumLibrary">
<arg>XPATH:/html/body/codex-root/div[1]/home/div/projectdetails/div[1]/div/div[2]/div/div[1]/div[11]/div/p[2]/span</arg>
<doc>Click the element identified by ``locator``.</doc>
<msg timestamp="20230214 14:40:56.436" level="INFO">Clicking element 'XPATH:/html/body/codex-root/div[1]/home/div/projectdetails/div[1]/div/div[2]/div/div[1]/div[11]/div/p[2]/span'.</msg>
<status status="PASS" starttime="20230214 14:40:56.436" endtime="20230214 14:40:56.518"/>
</kw>
<kw name="Capture Page Screenshot" library="SeleniumLibrary">
<arg>C:\Users\Jayabalaji.K\PycharmProjects\CodexStage\INTSTAKE.png</arg>
<doc>Takes a screenshot of the current page and embeds it into a log file.</doc>
<msg timestamp="20230214 14:40:56.698" level="INFO" html="true">&lt;/td&gt;&lt;/tr&gt;&lt;tr&gt;&lt;td colspan="3"&gt;&lt;a href="UsersJayabalaji.KPycharmProjectsCodexStageINTSTAKE.png"&gt;&lt;img src="UsersJayabalaji.KPycharmProjectsCodexStageINTSTAKE.png" width="800px"&gt;&lt;/a&gt;</msg>
<status status="PASS" starttime="20230214 14:40:56.518" endtime="20230214 14:40:56.698"/>
</kw>
<kw name="Sleep" library="BuiltIn">
<arg>3</arg>
<doc>Pauses the test executed for the given time.</doc>
<msg timestamp="20230214 14:40:59.698" level="INFO">Slept 3 seconds</msg>
<status status="PASS" starttime="20230214 14:40:56.698" endtime="20230214 14:40:59.698"/>
</kw>
<kw name="Click Element" library="SeleniumLibrary">
<arg>XPATH:/html/body/codex-root/div[1]/home/div/app-stakeholder/div[1]/div/div[2]/div/ul/li[2]/a</arg>
<doc>Click the element identified by ``locator``.</doc>
<msg timestamp="20230214 14:40:59.700" level="INFO">Clicking element 'XPATH:/html/body/codex-root/div[1]/home/div/app-stakeholder/div[1]/div/div[2]/div/ul/li[2]/a'.</msg>
<status status="PASS" starttime="20230214 14:40:59.699" endtime="20230214 14:40:59.796"/>
</kw>
<kw name="Sleep" library="BuiltIn">
<arg>3</arg>
<doc>Pauses the test executed for the given time.</doc>
<msg timestamp="20230214 14:41:02.797" level="INFO">Slept 3 seconds</msg>
<status status="PASS" starttime="20230214 14:40:59.796" endtime="20230214 14:41:02.797"/>
</kw>
<kw name="Click Element" library="SeleniumLibrary">
<arg>XPATH://span[@data-target='#isContactInfo']//p[contains(text(),'EDIT')]</arg>
<doc>Click the element identified by ``locator``.</doc>
<msg timestamp="20230214 14:41:02.797" level="INFO">Clicking element 'XPATH://span[@data-target='#isContactInfo']//p[contains(text(),'EDIT')]'.</msg>
<status status="PASS" starttime="20230214 14:41:02.797" endtime="20230214 14:41:02.850"/>
</kw>
<kw name="Sleep" library="BuiltIn">
<arg>3</arg>
<doc>Pauses the test executed for the given time.</doc>
<msg timestamp="20230214 14:41:05.850" level="INFO">Slept 3 seconds</msg>
<status status="PASS" starttime="20230214 14:41:02.850" endtime="20230214 14:41:05.850"/>
</kw>
<kw name="Click Element" library="SeleniumLibrary">
<arg>XPATH:/html/body/codex-root/div[1]/home/div/app-stakeholder/div[4]/div/div/div[2]/form/div[2]/div[1]/input</arg>
<doc>Click the element identified by ``locator``.</doc>
<msg timestamp="20230214 14:41:05.850" level="INFO">Clicking element 'XPATH:/html/body/codex-root/div[1]/home/div/app-stakeholder/div[4]/div/div/div[2]/form/div[2]/div[1]/input'.</msg>
<status status="PASS" starttime="20230214 14:41:05.850" endtime="20230214 14:41:05.918"/>
</kw>
<kw name="Input Text" library="SeleniumLibrary">
<arg>XPATH:/html/body/codex-root/div[1]/home/div/app-stakeholder/div[4]/div/div/div[2]/form/div[2]/div[1]/input</arg>
<arg>8610020001</arg>
<doc>Types the given ``text`` into the text field identified by ``locator``.</doc>
<msg timestamp="20230214 14:41:05.919" level="INFO">Typing text '8610020001' into text field 'XPATH:/html/body/codex-root/div[1]/home/div/app-stakeholder/div[4]/div/div/div[2]/form/div[2]/div[1]/input'.</msg>
<status status="PASS" starttime="20230214 14:41:05.919" endtime="20230214 14:41:06.020"/>
</kw>
<kw name="Click Element" library="SeleniumLibrary">
<arg>XPATH://*[@id="isContactInfo"]/div/div/div[2]/form/button[1]</arg>
<doc>Click the element identified by ``locator``.</doc>
<msg timestamp="20230214 14:41:06.020" level="INFO">Clicking element 'XPATH://*[@id="isContactInfo"]/div/div/div[2]/form/button[1]'.</msg>
<status status="PASS" starttime="20230214 14:41:06.020" endtime="20230214 14:41:06.112"/>
</kw>
<kw name="Sleep" library="BuiltIn">
<arg>4</arg>
<doc>Pauses the test executed for the given time.</doc>
<msg timestamp="20230214 14:41:10.113" level="INFO">Slept 4 seconds</msg>
<status status="PASS" starttime="20230214 14:41:06.112" endtime="20230214 14:41:10.113"/>
</kw>
<kw name="Capture Page Screenshot" library="SeleniumLibrary">
<arg>C:\Users\Jayabalaji.K\PycharmProjects\CodexStage\STAKEHOLDER.png</arg>
<doc>Takes a screenshot of the current page and embeds it into a log file.</doc>
<msg timestamp="20230214 14:41:10.321" level="INFO" html="true">&lt;/td&gt;&lt;/tr&gt;&lt;tr&gt;&lt;td colspan="3"&gt;&lt;a href="UsersJayabalaji.KPycharmProjectsCodexStageSTAKEHOLDER.png"&gt;&lt;img src="UsersJayabalaji.KPycharmProjectsCodexStageSTAKEHOLDER.png" width="800px"&gt;&lt;/a&gt;</msg>
<status status="PASS" starttime="20230214 14:41:10.113" endtime="20230214 14:41:10.321"/>
</kw>
<kw name="Wait Until Element Is Visible" library="SeleniumLibrary">
<arg>XPATH:/html/body/codex-root/div[1]/home/app-header/div[1]/div[13]/div[1]/div/span[2]/ul/li[2]/span[1]</arg>
<doc>Waits until the element ``locator`` is visible.</doc>
<status status="PASS" starttime="20230214 14:41:10.321" endtime="20230214 14:41:10.354"/>
</kw>
<kw name="Wait Until Element Is Enabled" library="SeleniumLibrary">
<arg>XPATH:/html/body/codex-root/div[1]/home/app-header/div[1]/div[13]/div[1]/div/span[2]/ul/li[2]/span[1]</arg>
<doc>Waits until the element ``locator`` is enabled.</doc>
<status status="PASS" starttime="20230214 14:41:10.364" endtime="20230214 14:41:10.413"/>
</kw>
<kw name="Click Element" library="SeleniumLibrary">
<arg>XPATH:/html/body/codex-root/div[1]/home/app-header/div[1]/div[13]/div[1]/div/span[2]/ul/li[2]/span[1]</arg>
<doc>Click the element identified by ``locator``.</doc>
<msg timestamp="20230214 14:41:10.413" level="INFO">Clicking element 'XPATH:/html/body/codex-root/div[1]/home/app-header/div[1]/div[13]/div[1]/div/span[2]/ul/li[2]/span[1]'.</msg>
<status status="PASS" starttime="20230214 14:41:10.413" endtime="20230214 14:41:10.496"/>
</kw>
<kw name="Sleep" library="BuiltIn">
<arg>5</arg>
<doc>Pauses the test executed for the given time.</doc>
<msg timestamp="20230214 14:41:15.496" level="INFO">Slept 5 seconds</msg>
<status status="PASS" starttime="20230214 14:41:10.496" endtime="20230214 14:41:15.496"/>
</kw>
<kw name="Click Element" library="SeleniumLibrary">
<arg>XPATH://*[@id="feature0"]/div/p[2]/span</arg>
<doc>Click the element identified by ``locator``.</doc>
<msg timestamp="20230214 14:41:15.496" level="INFO">Clicking element 'XPATH://*[@id="feature0"]/div/p[2]/span'.</msg>
<status status="PASS" starttime="20230214 14:41:15.496" endtime="20230214 14:41:17.047"/>
</kw>
<kw name="Sleep" library="BuiltIn">
<arg>5</arg>
<doc>Pauses the test executed for the given time.</doc>
<msg timestamp="20230214 14:41:22.048" level="INFO">Slept 5 seconds</msg>
<status status="PASS" starttime="20230214 14:41:17.047" endtime="20230214 14:41:22.048"/>
</kw>
<kw name="Capture Page Screenshot" library="SeleniumLibrary">
<arg>C:\Users\Jayabalaji.K\PycharmProjects\CodexStage\Escalation.png</arg>
<doc>Takes a screenshot of the current page and embeds it into a log file.</doc>
<msg timestamp="20230214 14:41:22.208" level="INFO" html="true">&lt;/td&gt;&lt;/tr&gt;&lt;tr&gt;&lt;td colspan="3"&gt;&lt;a href="UsersJayabalaji.KPycharmProjectsCodexStageEscalation.png"&gt;&lt;img src="UsersJayabalaji.KPycharmProjectsCodexStageEscalation.png" width="800px"&gt;&lt;/a&gt;</msg>
<status status="PASS" starttime="20230214 14:41:22.048" endtime="20230214 14:41:22.208"/>
</kw>
<kw name="Wait Until Element Is Visible" library="SeleniumLibrary">
<arg>XPATH:/html/body/codex-root/div[1]/home/app-header/div[1]/div[13]/div[1]/div/span[2]/ul/li[2]/span[1]</arg>
<doc>Waits until the element ``locator`` is visible.</doc>
<status status="PASS" starttime="20230214 14:41:22.210" endtime="20230214 14:41:22.233"/>
</kw>
<kw name="Wait Until Element Is Enabled" library="SeleniumLibrary">
<arg>XPATH:/html/body/codex-root/div[1]/home/app-header/div[1]/div[13]/div[1]/div/span[2]/ul/li[2]/span[1]</arg>
<doc>Waits until the element ``locator`` is enabled.</doc>
<status status="PASS" starttime="20230214 14:41:22.237" endtime="20230214 14:41:22.284"/>
</kw>
<kw name="Click Element" library="SeleniumLibrary">
<arg>XPATH:/html/body/codex-root/div[1]/home/app-header/div[1]/div[13]/div[1]/div/span[2]/ul/li[2]/span[1]</arg>
<doc>Click the element identified by ``locator``.</doc>
<msg timestamp="20230214 14:41:22.284" level="INFO">Clicking element 'XPATH:/html/body/codex-root/div[1]/home/app-header/div[1]/div[13]/div[1]/div/span[2]/ul/li[2]/span[1]'.</msg>
<status status="PASS" starttime="20230214 14:41:22.284" endtime="20230214 14:41:22.399"/>
</kw>
<kw name="Sleep" library="BuiltIn">
<arg>5</arg>
<doc>Pauses the test executed for the given time.</doc>
<msg timestamp="20230214 14:41:27.400" level="INFO">Slept 5 seconds</msg>
<status status="PASS" starttime="20230214 14:41:22.399" endtime="20230214 14:41:27.400"/>
</kw>
<kw name="Click Element" library="SeleniumLibrary">
<arg>XPATH://*[@id="feature1"]/div/p[2]/span</arg>
<doc>Click the element identified by ``locator``.</doc>
<msg timestamp="20230214 14:41:27.400" level="INFO">Clicking element 'XPATH://*[@id="feature1"]/div/p[2]/span'.</msg>
<status status="PASS" starttime="20230214 14:41:27.400" endtime="20230214 14:41:27.562"/>
</kw>
<kw name="Sleep" library="BuiltIn">
<arg>4</arg>
<doc>Pauses the test executed for the given time.</doc>
<msg timestamp="20230214 14:41:31.576" level="INFO">Slept 4 seconds</msg>
<status status="PASS" starttime="20230214 14:41:27.575" endtime="20230214 14:41:31.576"/>
</kw>
<kw name="Click Element" library="SeleniumLibrary">
<arg>XPATH://*[@id="midContainer"]/div[1]/div[2]/div[2]/div/app-project-health-rag-history/div[3]/a/button</arg>
<doc>Click the element identified by ``locator``.</doc>
<msg timestamp="20230214 14:41:31.576" level="INFO">Clicking element 'XPATH://*[@id="midContainer"]/div[1]/div[2]/div[2]/div/app-project-health-rag-history/div[3]/a/button'.</msg>
<status status="PASS" starttime="20230214 14:41:31.576" endtime="20230214 14:41:31.662"/>
</kw>
<kw name="Click Element" library="SeleniumLibrary">
<arg>XPATH://*[@id="midContainer"]/div/div[1]/span</arg>
<doc>Click the element identified by ``locator``.</doc>
<msg timestamp="20230214 14:41:31.662" level="INFO">Clicking element 'XPATH://*[@id="midContainer"]/div/div[1]/span'.</msg>
<status status="PASS" starttime="20230214 14:41:31.662" endtime="20230214 14:41:31.751"/>
</kw>
<kw name="Sleep" library="BuiltIn">
<arg>4</arg>
<doc>Pauses the test executed for the given time.</doc>
<msg timestamp="20230214 14:41:35.752" level="INFO">Slept 4 seconds</msg>
<status status="PASS" starttime="20230214 14:41:31.751" endtime="20230214 14:41:35.752"/>
</kw>
<kw name="Capture Page Screenshot" library="SeleniumLibrary">
<arg>C:\Users\Jayabalaji.K\PycharmProjects\CodexStage\Health.png</arg>
<doc>Takes a screenshot of the current page and embeds it into a log file.</doc>
<msg timestamp="20230214 14:41:35.888" level="INFO" html="true">&lt;/td&gt;&lt;/tr&gt;&lt;tr&gt;&lt;td colspan="3"&gt;&lt;a href="UsersJayabalaji.KPycharmProjectsCodexStageHealth.png"&gt;&lt;img src="UsersJayabalaji.KPycharmProjectsCodexStageHealth.png" width="800px"&gt;&lt;/a&gt;</msg>
<status status="PASS" starttime="20230214 14:41:35.752" endtime="20230214 14:41:35.888"/>
</kw>
<kw name="Wait Until Element Is Visible" library="SeleniumLibrary">
<arg>XPATH:/html/body/codex-root/div[1]/home/app-header/div[1]/div[13]/div[1]/div/span[2]/ul/li[2]/span[1]</arg>
<doc>Waits until the element ``locator`` is visible.</doc>
<status status="PASS" starttime="20230214 14:41:35.888" endtime="20230214 14:41:35.913"/>
</kw>
<kw name="Wait Until Element Is Enabled" library="SeleniumLibrary">
<arg>XPATH:/html/body/codex-root/div[1]/home/app-header/div[1]/div[13]/div[1]/div/span[2]/ul/li[2]/span[1]</arg>
<doc>Waits until the element ``locator`` is enabled.</doc>
<status status="PASS" starttime="20230214 14:41:35.913" endtime="20230214 14:41:35.954"/>
</kw>
<kw name="Click Element" library="SeleniumLibrary">
<arg>XPATH:/html/body/codex-root/div[1]/home/app-header/div[1]/div[13]/div[1]/div/span[2]/ul/li[2]/span[1]</arg>
<doc>Click the element identified by ``locator``.</doc>
<msg timestamp="20230214 14:41:35.955" level="INFO">Clicking element 'XPATH:/html/body/codex-root/div[1]/home/app-header/div[1]/div[13]/div[1]/div/span[2]/ul/li[2]/span[1]'.</msg>
<status status="PASS" starttime="20230214 14:41:35.955" endtime="20230214 14:41:36.052"/>
</kw>
<kw name="Sleep" library="BuiltIn">
<arg>5</arg>
<doc>Pauses the test executed for the given time.</doc>
<msg timestamp="20230214 14:41:41.062" level="INFO">Slept 5 seconds</msg>
<status status="PASS" starttime="20230214 14:41:36.061" endtime="20230214 14:41:41.062"/>
</kw>
<kw name="Wait Until Element Is Enabled" library="SeleniumLibrary">
<arg>XPATH://*[@id="feature9"]/div/p[2]/span</arg>
<doc>Waits until the element ``locator`` is enabled.</doc>
<status status="PASS" starttime="20230214 14:41:41.062" endtime="20230214 14:41:41.108"/>
</kw>
<kw name="Scroll Element Into View" library="SeleniumLibrary">
<arg>XPATH://*[@id="feature9"]/div/p[2]/span</arg>
<doc>Scrolls the element identified by ``locator`` into view.</doc>
<status status="PASS" starttime="20230214 14:41:41.108" endtime="20230214 14:41:41.400"/>
</kw>
<kw name="Click Element" library="SeleniumLibrary">
<arg>XPATH://*[@id="feature9"]/div/p[2]/span</arg>
<doc>Click the element identified by ``locator``.</doc>
<msg timestamp="20230214 14:41:41.400" level="INFO">Clicking element 'XPATH://*[@id="feature9"]/div/p[2]/span'.</msg>
<status status="PASS" starttime="20230214 14:41:41.400" endtime="20230214 14:41:41.490"/>
</kw>
<kw name="Sleep" library="BuiltIn">
<arg>5</arg>
<doc>Pauses the test executed for the given time.</doc>
<msg timestamp="20230214 14:41:46.491" level="INFO">Slept 5 seconds</msg>
<status status="PASS" starttime="20230214 14:41:41.490" endtime="20230214 14:41:46.491"/>
</kw>
<kw name="Click Element" library="SeleniumLibrary">
<arg>XPATH://*[@id="midContainer"]/div/div[2]/div[3]/button[2]</arg>
<doc>Click the element identified by ``locator``.</doc>
<msg timestamp="20230214 14:41:46.491" level="INFO">Clicking element 'XPATH://*[@id="midContainer"]/div/div[2]/div[3]/button[2]'.</msg>
<status status="PASS" starttime="20230214 14:41:46.491" endtime="20230214 14:41:46.574"/>
</kw>
<kw name="Sleep" library="BuiltIn">
<arg>3</arg>
<doc>Pauses the test executed for the given time.</doc>
<msg timestamp="20230214 14:41:49.574" level="INFO">Slept 3 seconds</msg>
<status status="PASS" starttime="20230214 14:41:46.574" endtime="20230214 14:41:49.574"/>
</kw>
<kw name="Click Element" library="SeleniumLibrary">
<arg>XPATH:/html/body/codex-root/div[1]/home/div/app-new-allaction/div[4]/div/div/div[1]/div[2]/select</arg>
<doc>Click the element identified by ``locator``.</doc>
<msg timestamp="20230214 14:41:49.574" level="INFO">Clicking element 'XPATH:/html/body/codex-root/div[1]/home/div/app-new-allaction/div[4]/div/div/div[1]/div[2]/select'.</msg>
<status status="PASS" starttime="20230214 14:41:49.574" endtime="20230214 14:41:49.664"/>
</kw>
<kw name="Click Element" library="SeleniumLibrary">
<arg>XPATH://*[@id="newaction"]/div/div/div[1]/div[2]/select/option[2]</arg>
<doc>Click the element identified by ``locator``.</doc>
<msg timestamp="20230214 14:41:49.665" level="INFO">Clicking element 'XPATH://*[@id="newaction"]/div/div/div[1]/div[2]/select/option[2]'.</msg>
<status status="PASS" starttime="20230214 14:41:49.665" endtime="20230214 14:41:49.744"/>
</kw>
<kw name="Sleep" library="BuiltIn">
<arg>3</arg>
<doc>Pauses the test executed for the given time.</doc>
<msg timestamp="20230214 14:41:52.744" level="INFO">Slept 3 seconds</msg>
<status status="PASS" starttime="20230214 14:41:49.744" endtime="20230214 14:41:52.744"/>
</kw>
<kw name="Click Element" library="SeleniumLibrary">
<arg>Xpath://*[@id="newaction"]/div/div/div[1]/div[3]/textarea</arg>
<doc>Click the element identified by ``locator``.</doc>
<msg timestamp="20230214 14:41:52.744" level="INFO">Clicking element 'Xpath://*[@id="newaction"]/div/div/div[1]/div[3]/textarea'.</msg>
<status status="PASS" starttime="20230214 14:41:52.744" endtime="20230214 14:41:52.823"/>
</kw>
<kw name="Input Text" library="SeleniumLibrary">
<arg>XPATH://*[@id="newaction"]/div/div/div[1]/div[3]/textarea</arg>
<arg>TESTING</arg>
<doc>Types the given ``text`` into the text field identified by ``locator``.</doc>
<msg timestamp="20230214 14:41:52.823" level="INFO">Typing text 'TESTING' into text field 'XPATH://*[@id="newaction"]/div/div/div[1]/div[3]/textarea'.</msg>
<status status="PASS" starttime="20230214 14:41:52.823" endtime="20230214 14:41:52.940"/>
</kw>
<kw name="Sleep" library="BuiltIn">
<arg>2</arg>
<doc>Pauses the test executed for the given time.</doc>
<msg timestamp="20230214 14:41:54.940" level="INFO">Slept 2 seconds</msg>
<status status="PASS" starttime="20230214 14:41:52.940" endtime="20230214 14:41:54.940"/>
</kw>
<kw name="Click Element" library="SeleniumLibrary">
<arg>XPATH:/html/body/codex-root/div[1]/home/div/app-new-allaction/div[4]/div/div/div[2]/input</arg>
<doc>Click the element identified by ``locator``.</doc>
<msg timestamp="20230214 14:41:54.941" level="INFO">Clicking element 'XPATH:/html/body/codex-root/div[1]/home/div/app-new-allaction/div[4]/div/div/div[2]/input'.</msg>
<status status="PASS" starttime="20230214 14:41:54.940" endtime="20230214 14:41:55.028"/>
</kw>
<kw name="Input Text" library="SeleniumLibrary">
<arg>XPATH:/html/body/codex-root/div[1]/home/div/app-new-allaction/div[4]/div/div/div[2]/input</arg>
<arg>@JAYA</arg>
<doc>Types the given ``text`` into the text field identified by ``locator``.</doc>
<msg timestamp="20230214 14:41:55.030" level="INFO">Typing text '@JAYA' into text field 'XPATH:/html/body/codex-root/div[1]/home/div/app-new-allaction/div[4]/div/div/div[2]/input'.</msg>
<status status="PASS" starttime="20230214 14:41:55.028" endtime="20230214 14:41:55.140"/>
</kw>
<kw name="Sleep" library="BuiltIn">
<arg>4</arg>
<doc>Pauses the test executed for the given time.</doc>
<msg timestamp="20230214 14:41:59.140" level="INFO">Slept 4 seconds</msg>
<status status="PASS" starttime="20230214 14:41:55.140" endtime="20230214 14:41:59.140"/>
</kw>
<kw name="Click Element" library="SeleniumLibrary">
<arg>XPATH:/html/body/codex-root/div[1]/home/div/app-new-allaction/div[4]/div/div/div[2]/ul/li[28]/p</arg>
<doc>Click the element identified by ``locator``.</doc>
<msg timestamp="20230214 14:41:59.140" level="INFO">Clicking element 'XPATH:/html/body/codex-root/div[1]/home/div/app-new-allaction/div[4]/div/div/div[2]/ul/li[28]/p'.</msg>
<status status="PASS" starttime="20230214 14:41:59.140" endtime="20230214 14:41:59.224"/>
</kw>
<kw name="Click Element" library="SeleniumLibrary">
<arg>XPATH://*[@id="newaction"]/div/div/div[3]/div[2]/button[1]</arg>
<doc>Click the element identified by ``locator``.</doc>
<msg timestamp="20230214 14:41:59.224" level="INFO">Clicking element 'XPATH://*[@id="newaction"]/div/div/div[3]/div[2]/button[1]'.</msg>
<status status="PASS" starttime="20230214 14:41:59.224" endtime="20230214 14:41:59.294"/>
</kw>
<kw name="Sleep" library="BuiltIn">
<arg>5</arg>
<doc>Pauses the test executed for the given time.</doc>
<msg timestamp="20230214 14:42:04.294" level="INFO">Slept 5 seconds</msg>
<status status="PASS" starttime="20230214 14:41:59.294" endtime="20230214 14:42:04.294"/>
</kw>
<kw name="Click Element" library="SeleniumLibrary">
<arg>XPATH://*[@id="actionPlan3"]/ul/li/div[1]/span/label/span</arg>
<doc>Click the element identified by ``locator``.</doc>
<msg timestamp="20230214 14:42:04.294" level="INFO">Clicking element 'XPATH://*[@id="actionPlan3"]/ul/li/div[1]/span/label/span'.</msg>
<status status="PASS" starttime="20230214 14:42:04.294" endtime="20230214 14:42:04.351"/>
</kw>
<kw name="Sleep" library="BuiltIn">
<arg>2</arg>
<doc>Pauses the test executed for the given time.</doc>
<msg timestamp="20230214 14:42:06.351" level="INFO">Slept 2 seconds</msg>
<status status="PASS" starttime="20230214 14:42:04.351" endtime="20230214 14:42:06.351"/>
</kw>
<kw name="Click Element" library="SeleniumLibrary">
<arg>XPATH:/html/body/codex-root/div[1]/home/div/app-new-allaction/div[1]/div/div[2]/div[3]/button[1]</arg>
<doc>Click the element identified by ``locator``.</doc>
<msg timestamp="20230214 14:42:06.351" level="INFO">Clicking element 'XPATH:/html/body/codex-root/div[1]/home/div/app-new-allaction/div[1]/div/div[2]/div[3]/button[1]'.</msg>
<status status="PASS" starttime="20230214 14:42:06.351" endtime="20230214 14:42:06.411"/>
</kw>
<kw name="Sleep" library="BuiltIn">
<arg>3</arg>
<doc>Pauses the test executed for the given time.</doc>
<msg timestamp="20230214 14:42:09.413" level="INFO">Slept 3 seconds</msg>
<status status="PASS" starttime="20230214 14:42:06.412" endtime="20230214 14:42:09.413"/>
</kw>
<kw name="Capture Page Screenshot" library="SeleniumLibrary">
<arg>C:\Users\Jayabalaji.K\PycharmProjects\CodexStage\ACTION.png</arg>
<doc>Takes a screenshot of the current page and embeds it into a log file.</doc>
<msg timestamp="20230214 14:42:09.615" level="INFO" html="true">&lt;/td&gt;&lt;/tr&gt;&lt;tr&gt;&lt;td colspan="3"&gt;&lt;a href="UsersJayabalaji.KPycharmProjectsCodexStageACTION.png"&gt;&lt;img src="UsersJayabalaji.KPycharmProjectsCodexStageACTION.png" width="800px"&gt;&lt;/a&gt;</msg>
<status status="PASS" starttime="20230214 14:42:09.413" endtime="20230214 14:42:09.615"/>
</kw>
<kw name="Wait Until Element Is Visible" library="SeleniumLibrary">
<arg>XPATH:/html/body/codex-root/div[1]/home/app-header/div[1]/div[13]/div[1]/div/span[2]/ul/li[2]/span[1]</arg>
<doc>Waits until the element ``locator`` is visible.</doc>
<status status="PASS" starttime="20230214 14:42:09.615" endtime="20230214 14:42:09.648"/>
</kw>
<kw name="Wait Until Element Is Enabled" library="SeleniumLibrary">
<arg>XPATH:/html/body/codex-root/div[1]/home/app-header/div[1]/div[13]/div[1]/div/span[2]/ul/li[2]/span[1]</arg>
<doc>Waits until the element ``locator`` is enabled.</doc>
<status status="PASS" starttime="20230214 14:42:09.648" endtime="20230214 14:42:09.699"/>
</kw>
<kw name="Click Element" library="SeleniumLibrary">
<arg>XPATH:/html/body/codex-root/div[1]/home/app-header/div[1]/div[13]/div[1]/div/span[2]/ul/li[2]/span[1]</arg>
<doc>Click the element identified by ``locator``.</doc>
<msg timestamp="20230214 14:42:09.699" level="INFO">Clicking element 'XPATH:/html/body/codex-root/div[1]/home/app-header/div[1]/div[13]/div[1]/div/span[2]/ul/li[2]/span[1]'.</msg>
<status status="PASS" starttime="20230214 14:42:09.699" endtime="20230214 14:42:09.796"/>
</kw>
<kw name="Sleep" library="BuiltIn">
<arg>7</arg>
<doc>Pauses the test executed for the given time.</doc>
<msg timestamp="20230214 14:42:16.798" level="INFO">Slept 7 seconds</msg>
<status status="PASS" starttime="20230214 14:42:09.797" endtime="20230214 14:42:16.798"/>
</kw>
<kw name="Scroll Element Into View" library="SeleniumLibrary">
<arg>XPATH:/html/body/codex-root/div[1]/home/div/projectdetails/div[1]/div/div[2]/div/div[1]/div[3]/div/p[2]/span[1]</arg>
<doc>Scrolls the element identified by ``locator`` into view.</doc>
<status status="PASS" starttime="20230214 14:42:16.798" endtime="20230214 14:42:17.089"/>
</kw>
<kw name="Wait Until Element Is Enabled" library="SeleniumLibrary">
<arg>XPATH:/html/body/codex-root/div[1]/home/div/projectdetails/div[1]/div/div[2]/div/div[1]/div[3]/div/p[2]/span[1]</arg>
<doc>Waits until the element ``locator`` is enabled.</doc>
<status status="PASS" starttime="20230214 14:42:17.089" endtime="20230214 14:42:17.120"/>
</kw>
<kw name="Click Element" library="SeleniumLibrary">
<arg>XPATH:/html/body/codex-root/div[1]/home/div/projectdetails/div[1]/div/div[2]/div/div[1]/div[3]/div/p[2]/span[1]</arg>
<doc>Click the element identified by ``locator``.</doc>
<msg timestamp="20230214 14:42:17.120" level="INFO">Clicking element 'XPATH:/html/body/codex-root/div[1]/home/div/projectdetails/div[1]/div/div[2]/div/div[1]/div[3]/div/p[2]/span[1]'.</msg>
<status status="PASS" starttime="20230214 14:42:17.120" endtime="20230214 14:42:17.200"/>
</kw>
<kw name="Sleep" library="BuiltIn">
<arg>6</arg>
<doc>Pauses the test executed for the given time.</doc>
<msg timestamp="20230214 14:42:23.200" level="INFO">Slept 6 seconds</msg>
<status status="PASS" starttime="20230214 14:42:17.200" endtime="20230214 14:42:23.200"/>
</kw>
<kw name="Wait Until Element Is Visible" library="SeleniumLibrary">
<arg>XPATH://*[@id="midContainer"]/div/div[2]/div[3]/button</arg>
<doc>Waits until the element ``locator`` is visible.</doc>
<status status="PASS" starttime="20230214 14:42:23.200" endtime="20230214 14:42:23.234"/>
</kw>
<kw name="Wait Until Element Is Enabled" library="SeleniumLibrary">
<arg>XPATH://*[@id="midContainer"]/div/div[2]/div[3]/button</arg>
<doc>Waits until the element ``locator`` is enabled.</doc>
<status status="PASS" starttime="20230214 14:42:23.234" endtime="20230214 14:42:23.265"/>
</kw>
<kw name="Click Element" library="SeleniumLibrary">
<arg>XPATH://*[@id="midContainer"]/div/div[2]/div[3]/button</arg>
<doc>Click the element identified by ``locator``.</doc>
<msg timestamp="20230214 14:42:23.265" level="INFO">Clicking element 'XPATH://*[@id="midContainer"]/div/div[2]/div[3]/button'.</msg>
<status status="PASS" starttime="20230214 14:42:23.265" endtime="20230214 14:42:23.416"/>
</kw>
<kw name="Sleep" library="BuiltIn">
<arg>6</arg>
<doc>Pauses the test executed for the given time.</doc>
<msg timestamp="20230214 14:42:29.416" level="INFO">Slept 6 seconds</msg>
<status status="PASS" starttime="20230214 14:42:23.416" endtime="20230214 14:42:29.416"/>
</kw>
<kw name="Click Element" library="SeleniumLibrary">
<arg>name:Subject</arg>
<doc>Click the element identified by ``locator``.</doc>
<msg timestamp="20230214 14:42:29.416" level="INFO">Clicking element 'name:Subject'.</msg>
<status status="PASS" starttime="20230214 14:42:29.416" endtime="20230214 14:42:29.505"/>
</kw>
<kw name="Input Text" library="SeleniumLibrary">
<arg>name:Subject</arg>
<arg>TESTING PURPOSE ONLY- IGNORE THIS</arg>
<doc>Types the given ``text`` into the text field identified by ``locator``.</doc>
<msg timestamp="20230214 14:42:29.505" level="INFO">Typing text 'TESTING PURPOSE ONLY- IGNORE THIS' into text field 'name:Subject'.</msg>
<status status="PASS" starttime="20230214 14:42:29.505" endtime="20230214 14:42:29.672"/>
</kw>
<kw name="Scroll Element Into View" library="SeleniumLibrary">
<arg>XPATH:/html/body/codex-root/div[1]/home/div/wsr/div/div[2]/div[2]/form/div[6]/div/quill/form/quill-editor/div[2]/div[1]</arg>
<doc>Scrolls the element identified by ``locator`` into view.</doc>
<status status="PASS" starttime="20230214 14:42:29.672" endtime="20230214 14:42:29.953"/>
</kw>
<kw name="Sleep" library="BuiltIn">
<arg>5</arg>
<doc>Pauses the test executed for the given time.</doc>
<msg timestamp="20230214 14:42:34.954" level="INFO">Slept 5 seconds</msg>
<status status="PASS" starttime="20230214 14:42:29.953" endtime="20230214 14:42:34.954"/>
</kw>
<kw name="Click Element" library="SeleniumLibrary">
<arg>XPATH:/html/body/codex-root/div[1]/home/div/wsr/div/div[2]/div[2]/form/div[6]/div/quill/form/quill-editor/div[2]/div[1]</arg>
<doc>Click the element identified by ``locator``.</doc>
<msg timestamp="20230214 14:42:34.954" level="INFO">Clicking element 'XPATH:/html/body/codex-root/div[1]/home/div/wsr/div/div[2]/div[2]/form/div[6]/div/quill/form/quill-editor/div[2]/div[1]'.</msg>
<status status="PASS" starttime="20230214 14:42:34.954" endtime="20230214 14:42:35.024"/>
</kw>
<kw name="Input Text" library="SeleniumLibrary">
<arg>XPATH:/html/body/codex-root/div[1]/home/div/wsr/div/div[2]/div[2]/form/div[6]/div/quill/form/quill-editor/div[2]/div[1]</arg>
<arg>TESTING PURPOSE ONLY- IGNORE THIS</arg>
<doc>Types the given ``text`` into the text field identified by ``locator``.</doc>
<msg timestamp="20230214 14:42:35.026" level="INFO">Typing text 'TESTING PURPOSE ONLY- IGNORE THIS' into text field 'XPATH:/html/body/codex-root/div[1]/home/div/wsr/div/div[2]/div[2]/form/div[6]/div/quill/form/quill-editor/div[2]/div[1]'.</msg>
<status status="PASS" starttime="20230214 14:42:35.024" endtime="20230214 14:42:35.274"/>
</kw>
<kw name="Click Element" library="SeleniumLibrary">
<arg>XPATH://*[@id="wsrScrollId"]/div[2]/div/button[1]</arg>
<doc>Click the element identified by ``locator``.</doc>
<msg timestamp="20230214 14:42:35.274" level="INFO">Clicking element 'XPATH://*[@id="wsrScrollId"]/div[2]/div/button[1]'.</msg>
<status status="PASS" starttime="20230214 14:42:35.274" endtime="20230214 14:42:35.330"/>
</kw>
<kw name="Sleep" library="BuiltIn">
<arg>5</arg>
<doc>Pauses the test executed for the given time.</doc>
<msg timestamp="20230214 14:42:40.330" level="INFO">Slept 5 seconds</msg>
<status status="PASS" starttime="20230214 14:42:35.330" endtime="20230214 14:42:40.330"/>
</kw>
<kw name="Click Element" library="SeleniumLibrary">
<arg>XPATH:/html/body/codex-root/div[1]/home/div/wsr/div/div[3]/div/div/div/div[2]/button[2]</arg>
<doc>Click the element identified by ``locator``.</doc>
<msg timestamp="20230214 14:42:40.330" level="INFO">Clicking element 'XPATH:/html/body/codex-root/div[1]/home/div/wsr/div/div[3]/div/div/div/div[2]/button[2]'.</msg>
<status status="PASS" starttime="20230214 14:42:40.330" endtime="20230214 14:42:40.393"/>
</kw>
<kw name="Sleep" library="BuiltIn">
<arg>5</arg>
<doc>Pauses the test executed for the given time.</doc>
<msg timestamp="20230214 14:42:45.394" level="INFO">Slept 5 seconds</msg>
<status status="PASS" starttime="20230214 14:42:40.393" endtime="20230214 14:42:45.394"/>
</kw>
<kw name="Click Element" library="SeleniumLibrary">
<arg>XPATH://*[@id="attachmentModal"]/div/div/div/div/div[2]/button[1]</arg>
<doc>Click the element identified by ``locator``.</doc>
<msg timestamp="20230214 14:42:45.394" level="INFO">Clicking element 'XPATH://*[@id="attachmentModal"]/div/div/div/div/div[2]/button[1]'.</msg>
<status status="PASS" starttime="20230214 14:42:45.394" endtime="20230214 14:42:45.470"/>
</kw>
<kw name="Capture Page Screenshot" library="SeleniumLibrary">
<arg>C:\Users\Jayabalaji.K\PycharmProjects\CodexStage\REPORT.png</arg>
<doc>Takes a screenshot of the current page and embeds it into a log file.</doc>
<msg timestamp="20230214 14:42:45.629" level="INFO" html="true">&lt;/td&gt;&lt;/tr&gt;&lt;tr&gt;&lt;td colspan="3"&gt;&lt;a href="UsersJayabalaji.KPycharmProjectsCodexStageREPORT.png"&gt;&lt;img src="UsersJayabalaji.KPycharmProjectsCodexStageREPORT.png" width="800px"&gt;&lt;/a&gt;</msg>
<status status="PASS" starttime="20230214 14:42:45.472" endtime="20230214 14:42:45.629"/>
</kw>
<kw name="Sleep" library="BuiltIn">
<arg>10</arg>
<doc>Pauses the test executed for the given time.</doc>
<msg timestamp="20230214 14:42:55.630" level="INFO">Slept 10 seconds</msg>
<status status="PASS" starttime="20230214 14:42:45.629" endtime="20230214 14:42:55.630"/>
</kw>
<kw name="Wait Until Element Is Visible" library="SeleniumLibrary">
<arg>XPATH:/html/body/codex-root/div[1]/home/app-header/div[1]/div[13]/div[1]/div/span[2]/ul/li[2]/span[1]</arg>
<doc>Waits until the element ``locator`` is visible.</doc>
<status status="PASS" starttime="20230214 14:42:55.630" endtime="20230214 14:42:55.656"/>
</kw>
<kw name="Wait Until Element Is Enabled" library="SeleniumLibrary">
<arg>XPATH:/html/body/codex-root/div[1]/home/app-header/div[1]/div[13]/div[1]/div/span[2]/ul/li[2]/span[1]</arg>
<doc>Waits until the element ``locator`` is enabled.</doc>
<status status="PASS" starttime="20230214 14:42:55.656" endtime="20230214 14:42:55.694"/>
</kw>
<kw name="Click Element" library="SeleniumLibrary">
<arg>XPATH:/html/body/codex-root/div[1]/home/app-header/div[1]/div[13]/div[1]/div/span[2]/ul/li[2]/span[1]</arg>
<doc>Click the element identified by ``locator``.</doc>
<msg timestamp="20230214 14:42:55.703" level="INFO">Clicking element 'XPATH:/html/body/codex-root/div[1]/home/app-header/div[1]/div[13]/div[1]/div/span[2]/ul/li[2]/span[1]'.</msg>
<status status="PASS" starttime="20230214 14:42:55.702" endtime="20230214 14:42:55.778"/>
</kw>
<kw name="Sleep" library="BuiltIn">
<arg>5</arg>
<doc>Pauses the test executed for the given time.</doc>
<msg timestamp="20230214 14:43:00.778" level="INFO">Slept 5 seconds</msg>
<status status="PASS" starttime="20230214 14:42:55.778" endtime="20230214 14:43:00.778"/>
</kw>
<kw name="Click Element" library="SeleniumLibrary">
<arg>XPATH:/html/body/codex-root/div[1]/home/div/projectdetails/div[1]/div/div[2]/div/div[1]/div[13]/div/p[2]/span</arg>
<doc>Click the element identified by ``locator``.</doc>
<msg timestamp="20230214 14:43:00.778" level="INFO">Clicking element 'XPATH:/html/body/codex-root/div[1]/home/div/projectdetails/div[1]/div/div[2]/div/div[1]/div[13]/div/p[2]/span'.</msg>
<status status="PASS" starttime="20230214 14:43:00.778" endtime="20230214 14:43:00.905"/>
</kw>
<kw name="Sleep" library="BuiltIn">
<arg>4</arg>
<doc>Pauses the test executed for the given time.</doc>
<msg timestamp="20230214 14:43:04.906" level="INFO">Slept 4 seconds</msg>
<status status="PASS" starttime="20230214 14:43:00.905" endtime="20230214 14:43:04.906"/>
</kw>
<kw name="Click Element" library="SeleniumLibrary">
<arg>XPATH:/html/body/codex-root/div[1]/home/div/app-newinternal-issue/div[1]/div/div[2]/div[3]/button</arg>
<doc>Click the element identified by ``locator``.</doc>
<msg timestamp="20230214 14:43:04.906" level="INFO">Clicking element 'XPATH:/html/body/codex-root/div[1]/home/div/app-newinternal-issue/div[1]/div/div[2]/div[3]/button'.</msg>
<status status="PASS" starttime="20230214 14:43:04.906" endtime="20230214 14:43:04.970"/>
</kw>
<kw name="Sleep" library="BuiltIn">
<arg>4</arg>
<doc>Pauses the test executed for the given time.</doc>
<msg timestamp="20230214 14:43:08.971" level="INFO">Slept 4 seconds</msg>
<status status="PASS" starttime="20230214 14:43:04.970" endtime="20230214 14:43:08.971"/>
</kw>
<kw name="Input Text" library="SeleniumLibrary">
<arg>name:title</arg>
<arg>TESTING PURPOSE</arg>
<doc>Types the given ``text`` into the text field identified by ``locator``.</doc>
<msg timestamp="20230214 14:43:08.973" level="INFO">Typing text 'TESTING PURPOSE' into text field 'name:title'.</msg>
<status status="PASS" starttime="20230214 14:43:08.972" endtime="20230214 14:43:09.172"/>
</kw>
<kw name="Click Element" library="SeleniumLibrary">
<arg>XPATH:/html/body/codex-root/div[1]/home/div/app-newinternal-issue/div[2]/div/div/form/div/div[2]/div/textarea</arg>
<doc>Click the element identified by ``locator``.</doc>
<msg timestamp="20230214 14:43:09.172" level="INFO">Clicking element 'XPATH:/html/body/codex-root/div[1]/home/div/app-newinternal-issue/div[2]/div/div/form/div/div[2]/div/textarea'.</msg>
<status status="PASS" starttime="20230214 14:43:09.172" endtime="20230214 14:43:09.249"/>
</kw>
<kw name="Input Text" library="SeleniumLibrary">
<arg>XPATH:/html/body/codex-root/div[1]/home/div/app-newinternal-issue/div[2]/div/div/form/div/div[2]/div/textarea</arg>
<arg>TESTING</arg>
<doc>Types the given ``text`` into the text field identified by ``locator``.</doc>
<msg timestamp="20230214 14:43:09.249" level="INFO">Typing text 'TESTING' into text field 'XPATH:/html/body/codex-root/div[1]/home/div/app-newinternal-issue/div[2]/div/div/form/div/div[2]/div/textarea'.</msg>
<status status="PASS" starttime="20230214 14:43:09.249" endtime="20230214 14:43:09.392"/>
</kw>
<kw name="Click Element" library="SeleniumLibrary">
<arg>XPATH:/html/body/codex-root/div[1]/home/div/app-newinternal-issue/div[2]/div/div/form/div/div[3]/span[3]/label</arg>
<doc>Click the element identified by ``locator``.</doc>
<msg timestamp="20230214 14:43:09.392" level="INFO">Clicking element 'XPATH:/html/body/codex-root/div[1]/home/div/app-newinternal-issue/div[2]/div/div/form/div/div[3]/span[3]/label'.</msg>
<status status="PASS" starttime="20230214 14:43:09.392" endtime="20230214 14:43:09.482"/>
</kw>
<kw name="Click Element" library="SeleniumLibrary">
<arg>XPATH:/html/body/codex-root/div[1]/home/div/app-newinternal-issue/div[2]/div/div/form/div/div[4]/div[2]/label/span</arg>
<doc>Click the element identified by ``locator``.</doc>
<msg timestamp="20230214 14:43:09.482" level="INFO">Clicking element 'XPATH:/html/body/codex-root/div[1]/home/div/app-newinternal-issue/div[2]/div/div/form/div/div[4]/div[2]/label/span'.</msg>
<status status="PASS" starttime="20230214 14:43:09.482" endtime="20230214 14:43:09.540"/>
</kw>
<kw name="Click Element" library="SeleniumLibrary">
<arg>XPATH:/html/body/codex-root/div[1]/home/div/app-newinternal-issue/div[2]/div/div/form/div/div[5]/div/div[1]/label/span</arg>
<doc>Click the element identified by ``locator``.</doc>
<msg timestamp="20230214 14:43:09.540" level="INFO">Clicking element 'XPATH:/html/body/codex-root/div[1]/home/div/app-newinternal-issue/div[2]/div/div/form/div/div[5]/div/div[1]/label/span'.</msg>
<status status="PASS" starttime="20230214 14:43:09.540" endtime="20230214 14:43:09.600"/>
</kw>
<kw name="Scroll Element Into View" library="SeleniumLibrary">
<arg>XPATH:/html/body/codex-root/div[1]/home/div/app-newinternal-issue/div[2]/div/div/div[2]/div[3]/button[1]</arg>
<doc>Scrolls the element identified by ``locator`` into view.</doc>
<status status="PASS" starttime="20230214 14:43:09.600" endtime="20230214 14:43:09.900"/>
</kw>
<kw name="Click Element" library="SeleniumLibrary">
<arg>XPATH:/html/body/codex-root/div[1]/home/div/app-newinternal-issue/div[2]/div/div/div[2]/div[3]/button[1]</arg>
<doc>Click the element identified by ``locator``.</doc>
<msg timestamp="20230214 14:43:09.908" level="INFO">Clicking element 'XPATH:/html/body/codex-root/div[1]/home/div/app-newinternal-issue/div[2]/div/div/div[2]/div[3]/button[1]'.</msg>
<status status="PASS" starttime="20230214 14:43:09.908" endtime="20230214 14:43:09.964"/>
</kw>
<kw name="Sleep" library="BuiltIn">
<arg>10</arg>
<doc>Pauses the test executed for the given time.</doc>
<msg timestamp="20230214 14:43:19.965" level="INFO">Slept 10 seconds</msg>
<status status="PASS" starttime="20230214 14:43:09.964" endtime="20230214 14:43:19.965"/>
</kw>
<kw name="Click Element" library="SeleniumLibrary">
<arg>XPATH:/html/body/codex-root/div[1]/home/div/app-newinternal-issue/div[1]/div/div[2]/div[2]/ul/li[1]/div[7]/p</arg>
<doc>Click the element identified by ``locator``.</doc>
<msg timestamp="20230214 14:43:19.965" level="INFO">Clicking element 'XPATH:/html/body/codex-root/div[1]/home/div/app-newinternal-issue/div[1]/div/div[2]/div[2]/ul/li[1]/div[7]/p'.</msg>
<status status="PASS" starttime="20230214 14:43:19.965" endtime="20230214 14:43:20.023"/>
</kw>
<kw name="Sleep" library="BuiltIn">
<arg>3</arg>
<doc>Pauses the test executed for the given time.</doc>
<msg timestamp="20230214 14:43:23.023" level="INFO">Slept 3 seconds</msg>
<status status="PASS" starttime="20230214 14:43:20.023" endtime="20230214 14:43:23.023"/>
</kw>
<kw name="Click Element" library="SeleniumLibrary">
<arg>XPATH://*[@id="edit-issue"]/div/div/form/div/div[1]/div[5]/span[1]/label</arg>
<doc>Click the element identified by ``locator``.</doc>
<msg timestamp="20230214 14:43:23.023" level="INFO">Clicking element 'XPATH://*[@id="edit-issue"]/div/div/form/div/div[1]/div[5]/span[1]/label'.</msg>
<status status="PASS" starttime="20230214 14:43:23.023" endtime="20230214 14:43:23.098"/>
</kw>
<kw name="Scroll Element Into View" library="SeleniumLibrary">
<arg>XPATH://*[@id="edit-issue"]/div/div/div[2]/div[3]/button[1]</arg>
<doc>Scrolls the element identified by ``locator`` into view.</doc>
<status status="PASS" starttime="20230214 14:43:23.098" endtime="20230214 14:43:23.395"/>
</kw>
<kw name="Click Element" library="SeleniumLibrary">
<arg>XPATH://*[@id="edit-issue"]/div/div/div[2]/div[3]/button[1]</arg>
<doc>Click the element identified by ``locator``.</doc>
<msg timestamp="20230214 14:43:23.395" level="INFO">Clicking element 'XPATH://*[@id="edit-issue"]/div/div/div[2]/div[3]/button[1]'.</msg>
<status status="PASS" starttime="20230214 14:43:23.395" endtime="20230214 14:43:23.456"/>
</kw>
<kw name="Sleep" library="BuiltIn">
<arg>10</arg>
<doc>Pauses the test executed for the given time.</doc>
<msg timestamp="20230214 14:43:33.456" level="INFO">Slept 10 seconds</msg>
<status status="PASS" starttime="20230214 14:43:23.456" endtime="20230214 14:43:33.456"/>
</kw>
<kw name="Click Element" library="SeleniumLibrary">
<arg>XPATH://*[@id="midContainer"]/div/div[2]/div[2]/ul/li[1]/div[6]/p</arg>
<doc>Click the element identified by ``locator``.</doc>
<msg timestamp="20230214 14:43:33.456" level="INFO">Clicking element 'XPATH://*[@id="midContainer"]/div/div[2]/div[2]/ul/li[1]/div[6]/p'.</msg>
<status status="PASS" starttime="20230214 14:43:33.456" endtime="20230214 14:43:33.514"/>
</kw>
<kw name="Sleep" library="BuiltIn">
<arg>5</arg>
<doc>Pauses the test executed for the given time.</doc>
<msg timestamp="20230214 14:43:38.515" level="INFO">Slept 5 seconds</msg>
<status status="PASS" starttime="20230214 14:43:33.514" endtime="20230214 14:43:38.515"/>
</kw>
<kw name="Click Element" library="SeleniumLibrary">
<arg>XPATH://*[@id="close-issue"]/div/div/div[2]/div[1]/input</arg>
<doc>Click the element identified by ``locator``.</doc>
<msg timestamp="20230214 14:43:38.515" level="INFO">Clicking element 'XPATH://*[@id="close-issue"]/div/div/div[2]/div[1]/input'.</msg>
<status status="PASS" starttime="20230214 14:43:38.515" endtime="20230214 14:43:38.583"/>
</kw>
<kw name="Input Text" library="SeleniumLibrary">
<arg>XPATH://*[@id="close-issue"]/div/div/div[2]/div[1]/input</arg>
<arg>TESTING DONE</arg>
<doc>Types the given ``text`` into the text field identified by ``locator``.</doc>
<msg timestamp="20230214 14:43:38.583" level="INFO">Typing text 'TESTING DONE' into text field 'XPATH://*[@id="close-issue"]/div/div/div[2]/div[1]/input'.</msg>
<status status="PASS" starttime="20230214 14:43:38.583" endtime="20230214 14:43:38.700"/>
</kw>
<kw name="Click Element" library="SeleniumLibrary">
<arg>XPATH://*[@id="close-issue"]/div/div/div[3]/div[3]/button[1]</arg>
<doc>Click the element identified by ``locator``.</doc>
<msg timestamp="20230214 14:43:38.702" level="INFO">Clicking element 'XPATH://*[@id="close-issue"]/div/div/div[3]/div[3]/button[1]'.</msg>
<status status="PASS" starttime="20230214 14:43:38.700" endtime="20230214 14:43:38.774"/>
</kw>
<kw name="Capture Page Screenshot" library="SeleniumLibrary">
<arg>C:\Users\Jayabalaji.K\PycharmProjects\CodexStage\ISSUE.png</arg>
<doc>Takes a screenshot of the current page and embeds it into a log file.</doc>
<msg timestamp="20230214 14:43:38.955" level="INFO" html="true">&lt;/td&gt;&lt;/tr&gt;&lt;tr&gt;&lt;td colspan="3"&gt;&lt;a href="UsersJayabalaji.KPycharmProjectsCodexStageISSUE.png"&gt;&lt;img src="UsersJayabalaji.KPycharmProjectsCodexStageISSUE.png" width="800px"&gt;&lt;/a&gt;</msg>
<status status="PASS" starttime="20230214 14:43:38.774" endtime="20230214 14:43:38.955"/>
</kw>
<kw name="Sleep" library="BuiltIn">
<arg>10</arg>
<doc>Pauses the test executed for the given time.</doc>
<msg timestamp="20230214 14:43:48.961" level="INFO">Slept 10 seconds</msg>
<status status="PASS" starttime="20230214 14:43:38.955" endtime="20230214 14:43:48.961"/>
</kw>
<kw name="Click Element" library="SeleniumLibrary">
<arg>XPATH:/html/body/codex-root/div[1]/home/app-header/div[1]/div[13]/div[1]/div/span[2]/ul/li[2]/span[1]</arg>
<doc>Click the element identified by ``locator``.</doc>
<msg timestamp="20230214 14:43:48.961" level="INFO">Clicking element 'XPATH:/html/body/codex-root/div[1]/home/app-header/div[1]/div[13]/div[1]/div/span[2]/ul/li[2]/span[1]'.</msg>
<status status="PASS" starttime="20230214 14:43:48.961" endtime="20230214 14:43:49.048"/>
</kw>
<kw name="Sleep" library="BuiltIn">
<arg>5</arg>
<doc>Pauses the test executed for the given time.</doc>
<msg timestamp="20230214 14:43:54.049" level="INFO">Slept 5 seconds</msg>
<status status="PASS" starttime="20230214 14:43:49.048" endtime="20230214 14:43:54.049"/>
</kw>
<kw name="Scroll Element Into View" library="SeleniumLibrary">
<arg>XPATH:/html/body/codex-root/div[1]/home/div/projectdetails/div[1]/div/div[2]/div/div[1]/div[5]/div/p[2]/span</arg>
<doc>Scrolls the element identified by ``locator`` into view.</doc>
<status status="PASS" starttime="20230214 14:43:54.049" endtime="20230214 14:43:54.342"/>
</kw>
<kw name="Click Element" library="SeleniumLibrary">
<arg>XPATH:/html/body/codex-root/div[1]/home/div/projectdetails/div[1]/div/div[2]/div/div[1]/div[5]/div/p[2]/span</arg>
<doc>Click the element identified by ``locator``.</doc>
<msg timestamp="20230214 14:43:54.342" level="INFO">Clicking element 'XPATH:/html/body/codex-root/div[1]/home/div/projectdetails/div[1]/div/div[2]/div/div[1]/div[5]/div/p[2]/span'.</msg>
<status status="PASS" starttime="20230214 14:43:54.342" endtime="20230214 14:43:54.443"/>
</kw>
<kw name="Sleep" library="BuiltIn">
<arg>10</arg>
<doc>Pauses the test executed for the given time.</doc>
<msg timestamp="20230214 14:44:04.444" level="INFO">Slept 10 seconds</msg>
<status status="PASS" starttime="20230214 14:43:54.443" endtime="20230214 14:44:04.444"/>
</kw>
<kw name="Click Element" library="SeleniumLibrary">
<arg>XPATH:/html/body/codex-root/div[1]/home/div/app-new-risk-management/div[1]/div/div[2]/div[3]/button</arg>
<doc>Click the element identified by ``locator``.</doc>
<msg timestamp="20230214 14:44:04.444" level="INFO">Clicking element 'XPATH:/html/body/codex-root/div[1]/home/div/app-new-risk-management/div[1]/div/div[2]/div[3]/button'.</msg>
<status status="PASS" starttime="20230214 14:44:04.444" endtime="20230214 14:44:04.523"/>
</kw>
<kw name="Sleep" library="BuiltIn">
<arg>4</arg>
<doc>Pauses the test executed for the given time.</doc>
<msg timestamp="20230214 14:44:08.524" level="INFO">Slept 4 seconds</msg>
<status status="PASS" starttime="20230214 14:44:04.523" endtime="20230214 14:44:08.524"/>
</kw>
<kw name="Click Element" library="SeleniumLibrary">
<arg>XPATH:/html/body/codex-root/div[1]/home/div/app-new-risk-management/div[2]/div/div/form/div[1]/div[1]/textarea</arg>
<doc>Click the element identified by ``locator``.</doc>
<msg timestamp="20230214 14:44:08.524" level="INFO">Clicking element 'XPATH:/html/body/codex-root/div[1]/home/div/app-new-risk-management/div[2]/div/div/form/div[1]/div[1]/textarea'.</msg>
<status status="PASS" starttime="20230214 14:44:08.524" endtime="20230214 14:44:08.580"/>
</kw>
<kw name="Input Text" library="SeleniumLibrary">
<arg>XPATH:/html/body/codex-root/div[1]/home/div/app-new-risk-management/div[2]/div/div/form/div[1]/div[1]/textarea</arg>
<arg>TESTING PURPOSE ONLY-IGNORE THIS</arg>
<doc>Types the given ``text`` into the text field identified by ``locator``.</doc>
<msg timestamp="20230214 14:44:08.580" level="INFO">Typing text 'TESTING PURPOSE ONLY-IGNORE THIS' into text field 'XPATH:/html/body/codex-root/div[1]/home/div/app-new-risk-management/div[2]/div/div/form/div[1]/div[1]/textarea'.</msg>
<status status="PASS" starttime="20230214 14:44:08.580" endtime="20230214 14:44:08.754"/>
</kw>
<kw name="Click Element" library="SeleniumLibrary">
<arg>XPATH:/html/body/codex-root/div[1]/home/div/app-new-risk-management/div[2]/div/div/form/div[1]/div[2]/textarea</arg>
<doc>Click the element identified by ``locator``.</doc>
<msg timestamp="20230214 14:44:08.754" level="INFO">Clicking element 'XPATH:/html/body/codex-root/div[1]/home/div/app-new-risk-management/div[2]/div/div/form/div[1]/div[2]/textarea'.</msg>
<status status="PASS" starttime="20230214 14:44:08.754" endtime="20230214 14:44:08.802"/>
</kw>
<kw name="Input Text" library="SeleniumLibrary">
<arg>XPATH:/html/body/codex-root/div[1]/home/div/app-new-risk-management/div[2]/div/div/form/div[1]/div[2]/textarea</arg>
<arg>TESTING PURPOSE ONLY-IGNORE THIS</arg>
<doc>Types the given ``text`` into the text field identified by ``locator``.</doc>
<msg timestamp="20230214 14:44:08.802" level="INFO">Typing text 'TESTING PURPOSE ONLY-IGNORE THIS' into text field 'XPATH:/html/body/codex-root/div[1]/home/div/app-new-risk-management/div[2]/div/div/form/div[1]/div[2]/textarea'.</msg>
<status status="PASS" starttime="20230214 14:44:08.802" endtime="20230214 14:44:08.952"/>
</kw>
<kw name="Click Element" library="SeleniumLibrary">
<arg>id:circleLowOccurrence</arg>
<doc>Click the element identified by ``locator``.</doc>
<msg timestamp="20230214 14:44:08.952" level="INFO">Clicking element 'id:circleLowOccurrence'.</msg>
<status status="PASS" starttime="20230214 14:44:08.952" endtime="20230214 14:44:09.028"/>
</kw>
<kw name="Click Element" library="SeleniumLibrary">
<arg>id:circleLowImpact</arg>
<doc>Click the element identified by ``locator``.</doc>
<msg timestamp="20230214 14:44:09.028" level="INFO">Clicking element 'id:circleLowImpact'.</msg>
<status status="PASS" starttime="20230214 14:44:09.028" endtime="20230214 14:44:09.082"/>
</kw>
<kw name="Click Element" library="SeleniumLibrary">
<arg>XPATH:/html/body/codex-root/div[1]/home/div/app-new-risk-management/div[2]/div/div/form/div[1]/div[4]/div/div[1]/label/span</arg>
<doc>Click the element identified by ``locator``.</doc>
<msg timestamp="20230214 14:44:09.090" level="INFO">Clicking element 'XPATH:/html/body/codex-root/div[1]/home/div/app-new-risk-management/div[2]/div/div/form/div[1]/div[4]/div/div[1]/label/span'.</msg>
<status status="PASS" starttime="20230214 14:44:09.082" endtime="20230214 14:44:09.145"/>
</kw>
<kw name="Scroll Element Into View" library="SeleniumLibrary">
<arg>XPATH:/html/body/codex-root/div[1]/home/div/app-new-risk-management/div[2]/div/div/form/div[1]/div[6]/div/div[1]/label/span</arg>
<doc>Scrolls the element identified by ``locator`` into view.</doc>
<status status="PASS" starttime="20230214 14:44:09.145" endtime="20230214 14:44:09.432"/>
</kw>
<kw name="Click Element" library="SeleniumLibrary">
<arg>XPATH:/html/body/codex-root/div[1]/home/div/app-new-risk-management/div[2]/div/div/form/div[1]/div[6]/div/div[1]/label/span</arg>
<doc>Click the element identified by ``locator``.</doc>
<msg timestamp="20230214 14:44:09.432" level="INFO">Clicking element 'XPATH:/html/body/codex-root/div[1]/home/div/app-new-risk-management/div[2]/div/div/form/div[1]/div[6]/div/div[1]/label/span'.</msg>
<status status="PASS" starttime="20230214 14:44:09.432" endtime="20230214 14:44:09.491"/>
</kw>
<kw name="Sleep" library="BuiltIn">
<arg>3</arg>
<doc>Pauses the test executed for the given time.</doc>
<msg timestamp="20230214 14:44:12.491" level="INFO">Slept 3 seconds</msg>
<status status="PASS" starttime="20230214 14:44:09.491" endtime="20230214 14:44:12.491"/>
</kw>
<kw name="Click Element" library="SeleniumLibrary">
<arg>XPATH://*[@id="newRisk"]/div/div/form/div[2]/div[3]/button[1]</arg>
<doc>Click the element identified by ``locator``.</doc>
<msg timestamp="20230214 14:44:12.491" level="INFO">Clicking element 'XPATH://*[@id="newRisk"]/div/div/form/div[2]/div[3]/button[1]'.</msg>
<status status="PASS" starttime="20230214 14:44:12.491" endtime="20230214 14:44:12.566"/>
</kw>
<kw name="Sleep" library="BuiltIn">
<arg>5</arg>
<doc>Pauses the test executed for the given time.</doc>
<msg timestamp="20230214 14:44:17.566" level="INFO">Slept 5 seconds</msg>
<status status="PASS" starttime="20230214 14:44:12.566" endtime="20230214 14:44:17.566"/>
</kw>
<kw name="Click Element" library="SeleniumLibrary">
<arg>XPATH:/html/body/codex-root/div[1]/home/div/app-new-risk-management/div[1]/div/div[2]/div[2]/ul/div/li/div[6]/p</arg>
<doc>Click the element identified by ``locator``.</doc>
<msg timestamp="20230214 14:44:17.566" level="INFO">Clicking element 'XPATH:/html/body/codex-root/div[1]/home/div/app-new-risk-management/div[1]/div/div[2]/div[2]/ul/div/li/div[6]/p'.</msg>
<status status="PASS" starttime="20230214 14:44:17.566" endtime="20230214 14:44:17.649"/>
</kw>
<kw name="Sleep" library="BuiltIn">
<arg>5</arg>
<doc>Pauses the test executed for the given time.</doc>
<msg timestamp="20230214 14:44:22.650" level="INFO">Slept 5 seconds</msg>
<status status="PASS" starttime="20230214 14:44:17.649" endtime="20230214 14:44:22.650"/>
</kw>
<kw name="Input Text" library="SeleniumLibrary">
<arg>name:title</arg>
<arg>TESTING DONE</arg>
<doc>Types the given ``text`` into the text field identified by ``locator``.</doc>
<msg timestamp="20230214 14:44:22.650" level="INFO">Typing text 'TESTING DONE' into text field 'name:title'.</msg>
<status status="PASS" starttime="20230214 14:44:22.650" endtime="20230214 14:44:22.801"/>
</kw>
<kw name="Click Element" library="SeleniumLibrary">
<arg>XPATH:/html/body/codex-root/div[1]/home/div/app-new-risk-management/div[3]/div/div/div[3]/div[3]/button[1]</arg>
<doc>Click the element identified by ``locator``.</doc>
<msg timestamp="20230214 14:44:22.801" level="INFO">Clicking element 'XPATH:/html/body/codex-root/div[1]/home/div/app-new-risk-management/div[3]/div/div/div[3]/div[3]/button[1]'.</msg>
<status status="PASS" starttime="20230214 14:44:22.801" endtime="20230214 14:44:22.879"/>
</kw>
<kw name="Sleep" library="BuiltIn">
<arg>4</arg>
<doc>Pauses the test executed for the given time.</doc>
<msg timestamp="20230214 14:44:26.881" level="INFO">Slept 4 seconds</msg>
<status status="PASS" starttime="20230214 14:44:22.881" endtime="20230214 14:44:26.881"/>
</kw>
<kw name="Capture Page Screenshot" library="SeleniumLibrary">
<arg>C:\Users\Jayabalaji.K\PycharmProjects\CodexStage\RISKCLOSED.png</arg>
<doc>Takes a screenshot of the current page and embeds it into a log file.</doc>
<msg timestamp="20230214 14:44:27.078" level="INFO" html="true">&lt;/td&gt;&lt;/tr&gt;&lt;tr&gt;&lt;td colspan="3"&gt;&lt;a href="UsersJayabalaji.KPycharmProjectsCodexStageRISKCLOSED.png"&gt;&lt;img src="UsersJayabalaji.KPycharmProjectsCodexStageRISKCLOSED.png" width="800px"&gt;&lt;/a&gt;</msg>
<status status="PASS" starttime="20230214 14:44:26.881" endtime="20230214 14:44:27.078"/>
</kw>
<kw name="Sleep" library="BuiltIn">
<arg>10</arg>
<doc>Pauses the test executed for the given time.</doc>
<msg timestamp="20230214 14:44:37.079" level="INFO">Slept 10 seconds</msg>
<status status="PASS" starttime="20230214 14:44:27.078" endtime="20230214 14:44:37.079"/>
</kw>
<kw name="Click Element" library="SeleniumLibrary">
<arg>XPATH:/html/body/codex-root/div[1]/home/app-header/div[1]/div[13]/div[1]/div/span[2]/ul/li[2]/span[1]</arg>
<doc>Click the element identified by ``locator``.</doc>
<msg timestamp="20230214 14:44:37.079" level="INFO">Clicking element 'XPATH:/html/body/codex-root/div[1]/home/app-header/div[1]/div[13]/div[1]/div/span[2]/ul/li[2]/span[1]'.</msg>
<status status="PASS" starttime="20230214 14:44:37.079" endtime="20230214 14:44:37.187"/>
</kw>
<kw name="Sleep" library="BuiltIn">
<arg>5</arg>
<doc>Pauses the test executed for the given time.</doc>
<msg timestamp="20230214 14:44:42.187" level="INFO">Slept 5 seconds</msg>
<status status="PASS" starttime="20230214 14:44:37.187" endtime="20230214 14:44:42.187"/>
</kw>
<kw name="Click Element" library="SeleniumLibrary">
<arg>XPATH:/html/body/codex-root/div[1]/home/div/projectdetails/div[1]/div/div[2]/div/div[1]/div[6]/div/p[2]/span</arg>
<doc>Click the element identified by ``locator``.</doc>
<msg timestamp="20230214 14:44:42.188" level="INFO">Clicking element 'XPATH:/html/body/codex-root/div[1]/home/div/projectdetails/div[1]/div/div[2]/div/div[1]/div[6]/div/p[2]/span'.</msg>
<status status="PASS" starttime="20230214 14:44:42.188" endtime="20230214 14:44:42.286"/>
</kw>
<kw name="Sleep" library="BuiltIn">
<arg>5</arg>
<doc>Pauses the test executed for the given time.</doc>
<msg timestamp="20230214 14:44:47.287" level="INFO">Slept 5 seconds</msg>
<status status="PASS" starttime="20230214 14:44:42.286" endtime="20230214 14:44:47.287"/>
</kw>
<kw name="Click Element" library="SeleniumLibrary">
<arg>XPATH://*[@id="midContainer"]/div/div[3]/ul/li/span[1]/p</arg>
<doc>Click the element identified by ``locator``.</doc>
<msg timestamp="20230214 14:44:47.287" level="INFO">Clicking element 'XPATH://*[@id="midContainer"]/div/div[3]/ul/li/span[1]/p'.</msg>
<status status="PASS" starttime="20230214 14:44:47.287" endtime="20230214 14:44:47.350"/>
</kw>
<kw name="Sleep" library="BuiltIn">
<arg>5</arg>
<doc>Pauses the test executed for the given time.</doc>
<msg timestamp="20230214 14:44:52.350" level="INFO">Slept 5 seconds</msg>
<status status="PASS" starttime="20230214 14:44:47.350" endtime="20230214 14:44:52.350"/>
</kw>
<kw name="Capture Page Screenshot" library="SeleniumLibrary">
<arg>C:\Users\Jayabalaji.K\PycharmProjects\CodexStage\Assest.png</arg>
<doc>Takes a screenshot of the current page and embeds it into a log file.</doc>
<msg timestamp="20230214 14:44:52.489" level="INFO" html="true">&lt;/td&gt;&lt;/tr&gt;&lt;tr&gt;&lt;td colspan="3"&gt;&lt;a href="UsersJayabalaji.KPycharmProjectsCodexStageAssest.png"&gt;&lt;img src="UsersJayabalaji.KPycharmProjectsCodexStageAssest.png" width="800px"&gt;&lt;/a&gt;</msg>
<status status="PASS" starttime="20230214 14:44:52.350" endtime="20230214 14:44:52.489"/>
</kw>
<kw name="Sleep" library="BuiltIn">
<arg>5</arg>
<doc>Pauses the test executed for the given time.</doc>
<msg timestamp="20230214 14:44:57.489" level="INFO">Slept 5 seconds</msg>
<status status="PASS" starttime="20230214 14:44:52.489" endtime="20230214 14:44:57.489"/>
</kw>
<kw name="Wait Until Element Is Visible" library="SeleniumLibrary">
<arg>XPATH:/html/body/codex-root/div[1]/home/app-header/div[1]/div[13]/div[1]/div/span[2]/ul/li[2]/span[1]</arg>
<doc>Waits until the element ``locator`` is visible.</doc>
<status status="PASS" starttime="20230214 14:44:57.489" endtime="20230214 14:44:57.526"/>
</kw>
<kw name="Wait Until Element Is Enabled" library="SeleniumLibrary">
<arg>XPATH:/html/body/codex-root/div[1]/home/app-header/div[1]/div[13]/div[1]/div/span[2]/ul/li[2]/span[1]</arg>
<doc>Waits until the element ``locator`` is enabled.</doc>
<status status="PASS" starttime="20230214 14:44:57.526" endtime="20230214 14:44:57.571"/>
</kw>
<kw name="Click Element" library="SeleniumLibrary">
<arg>XPATH:/html/body/codex-root/div[1]/home/app-header/div[1]/div[13]/div[1]/div/span[2]/ul/li[2]/span[1]</arg>
<doc>Click the element identified by ``locator``.</doc>
<msg timestamp="20230214 14:44:57.571" level="INFO">Clicking element 'XPATH:/html/body/codex-root/div[1]/home/app-header/div[1]/div[13]/div[1]/div/span[2]/ul/li[2]/span[1]'.</msg>
<status status="PASS" starttime="20230214 14:44:57.571" endtime="20230214 14:44:57.658"/>
</kw>
<kw name="Sleep" library="BuiltIn">
<arg>7</arg>
<doc>Pauses the test executed for the given time.</doc>
<msg timestamp="20230214 14:45:04.666" level="INFO">Slept 7 seconds</msg>
<status status="PASS" starttime="20230214 14:44:57.666" endtime="20230214 14:45:04.666"/>
</kw>
<kw name="Scroll Element Into View" library="SeleniumLibrary">
<arg>XPATH:/html/body/codex-root/div[1]/home/div/projectdetails/div[1]/div/div[2]/div/div[1]/div[11]/div/p[2]/span</arg>
<doc>Scrolls the element identified by ``locator`` into view.</doc>
<status status="PASS" starttime="20230214 14:45:04.666" endtime="20230214 14:45:04.958"/>
</kw>
<kw name="Click Element" library="SeleniumLibrary">
<arg>XPATH:/html/body/codex-root/div[1]/home/div/projectdetails/div[1]/div/div[2]/div/div[1]/div[7]/div/p[2]/span[1]</arg>
<doc>Click the element identified by ``locator``.</doc>
<msg timestamp="20230214 14:45:04.958" level="INFO">Clicking element 'XPATH:/html/body/codex-root/div[1]/home/div/projectdetails/div[1]/div/div[2]/div/div[1]/div[7]/div/p[2]/span[1]'.</msg>
<status status="PASS" starttime="20230214 14:45:04.958" endtime="20230214 14:45:05.047"/>
</kw>
<kw name="Sleep" library="BuiltIn">
<arg>15</arg>
<doc>Pauses the test executed for the given time.</doc>
<msg timestamp="20230214 14:45:20.047" level="INFO">Slept 15 seconds</msg>
<status status="PASS" starttime="20230214 14:45:05.047" endtime="20230214 14:45:20.047"/>
</kw>
<kw name="Capture Page Screenshot" library="SeleniumLibrary">
<arg>C:\Users\Jayabalaji.K\PycharmProjects\CodexStage\GOVERNANCE.png</arg>
<doc>Takes a screenshot of the current page and embeds it into a log file.</doc>
<msg timestamp="20230214 14:45:20.183" level="INFO" html="true">&lt;/td&gt;&lt;/tr&gt;&lt;tr&gt;&lt;td colspan="3"&gt;&lt;a href="UsersJayabalaji.KPycharmProjectsCodexStageGOVERNANCE.png"&gt;&lt;img src="UsersJayabalaji.KPycharmProjectsCodexStageGOVERNANCE.png" width="800px"&gt;&lt;/a&gt;</msg>
<status status="PASS" starttime="20230214 14:45:20.047" endtime="20230214 14:45:20.183"/>
</kw>
<kw name="Sleep" library="BuiltIn">
<arg>3</arg>
<doc>Pauses the test executed for the given time.</doc>
<msg timestamp="20230214 14:45:23.184" level="INFO">Slept 3 seconds</msg>
<status status="PASS" starttime="20230214 14:45:20.183" endtime="20230214 14:45:23.184"/>
</kw>
<kw name="Wait Until Element Is Visible" library="SeleniumLibrary">
<arg>XPATH:/html/body/codex-root/div[1]/home/app-header/div[1]/div[13]/div[1]/div/span[2]/ul/li[2]/span[1]</arg>
<doc>Waits until the element ``locator`` is visible.</doc>
<status status="PASS" starttime="20230214 14:45:23.186" endtime="20230214 14:45:23.218"/>
</kw>
<kw name="Wait Until Element Is Enabled" library="SeleniumLibrary">
<arg>XPATH:/html/body/codex-root/div[1]/home/app-header/div[1]/div[13]/div[1]/div/span[2]/ul/li[2]/span[1]</arg>
<doc>Waits until the element ``locator`` is enabled.</doc>
<status status="PASS" starttime="20230214 14:45:23.226" endtime="20230214 14:45:23.266"/>
</kw>
<kw name="Click Element" library="SeleniumLibrary">
<arg>XPATH://*[@id="midContainer"]/div/div[1]/span</arg>
<doc>Click the element identified by ``locator``.</doc>
<msg timestamp="20230214 14:45:23.274" level="INFO">Clicking element 'XPATH://*[@id="midContainer"]/div/div[1]/span'.</msg>
<status status="PASS" starttime="20230214 14:45:23.274" endtime="20230214 14:45:23.498"/>
</kw>
<kw name="Sleep" library="BuiltIn">
<arg>7</arg>
<doc>Pauses the test executed for the given time.</doc>
<msg timestamp="20230214 14:45:30.502" level="INFO">Slept 7 seconds</msg>
[...]
<msg timestamp="20230214 14:48:53.101" level="INFO">Clicking element 'XPATH:/html/body/codex-root/div[1]/home/app-header/div[1]/div[13]/div[1]/div/span[2]/ul/li[2]/span[1]'.</msg>
<status status="PASS" starttime="20230214 14:48:53.099" endtime="20230214 14:48:53.176"/>
</kw>
<kw name="Sleep" library="BuiltIn">
<arg>5</arg>
<doc>Pauses the test executed for the given time.</doc>
<msg timestamp="20230214 14:48:58.176" level="INFO">Slept 5 seconds</msg>
<status status="PASS" starttime="20230214 14:48:53.176" endtime="20230214 14:48:58.176"/>
</kw>
<kw name="Scroll Element Into View" library="SeleniumLibrary">
<arg>XPATH://*[@id="feature16"]/a/div/p[2]/span</arg>
<doc>Scrolls the element identified by ``locator`` into view.</doc>
<status status="PASS" starttime="20230214 14:48:58.176" endtime="20230214 14:48:58.467"/>
</kw>
<kw name="Click Element" library="SeleniumLibrary">
<arg>XPATH://*[@id="feature16"]/a/div/p[2]/span</arg>
<doc>Click the element identified by ``locator``.</doc>
<msg timestamp="20230214 14:48:58.467" level="INFO">Clicking element 'XPATH://*[@id="feature16"]/a/div/p[2]/span'.</msg>
<status status="PASS" starttime="20230214 14:48:58.467" endtime="20230214 14:48:58.563"/>
</kw>
<kw name="Sleep" library="BuiltIn">
<arg>6</arg>
<doc>Pauses the test executed for the given time.</doc>
<msg timestamp="20230214 14:49:04.564" level="INFO">Slept 6 seconds</msg>
<status status="PASS" starttime="20230214 14:48:58.564" endtime="20230214 14:49:04.564"/>
</kw>
<kw name="Capture Page Screenshot" library="SeleniumLibrary">
<arg>C:\Users\Jayabalaji.K\PycharmProjects\CodexStage\MonthlyAssesment.png</arg>
<doc>Takes a screenshot of the current page and embeds it into a log file.</doc>
<msg timestamp="20230214 14:49:04.740" level="INFO" html="true">&lt;/td&gt;&lt;/tr&gt;&lt;tr&gt;&lt;td colspan="3"&gt;&lt;a href="UsersJayabalaji.KPycharmProjectsCodexStageMonthlyAssesment.png"&gt;&lt;img src="UsersJayabalaji.KPycharmProjectsCodexStageMonthlyAssesment.png" width="800px"&gt;&lt;/a&gt;</msg>
<status status="PASS" starttime="20230214 14:49:04.564" endtime="20230214 14:49:04.740"/>
</kw>
<kw name="Sleep" library="BuiltIn">
<arg>4</arg>
<doc>Pauses the test executed for the given time.</doc>
<msg timestamp="20230214 14:49:08.741" level="INFO">Slept 4 seconds</msg>
<status status="PASS" starttime="20230214 14:49:04.741" endtime="20230214 14:49:08.741"/>
</kw>
<kw name="Click Element" library="SeleniumLibrary">
<arg>XPATH:/html/body/codex-root/div[1]/home/app-header/div[1]/div[13]/div[1]/div/span[2]/ul/li[2]/span[1]</arg>
<doc>Click the element identified by ``locator``.</doc>
<msg timestamp="20230214 14:49:08.741" level="INFO">Clicking element 'XPATH:/html/body/codex-root/div[1]/home/app-header/div[1]/div[13]/div[1]/div/span[2]/ul/li[2]/span[1]'.</msg>
<status status="PASS" starttime="20230214 14:49:08.741" endtime="20230214 14:49:08.837"/>
</kw>
<kw name="Sleep" library="BuiltIn">
<arg>5</arg>
<doc>Pauses the test executed for the given time.</doc>
<msg timestamp="20230214 14:49:13.839" level="INFO">Slept 5 seconds</msg>
<status status="PASS" starttime="20230214 14:49:08.837" endtime="20230214 14:49:13.839"/>
</kw>
<kw name="Scroll Element Into View" library="SeleniumLibrary">
<arg>XPATH:/html/body/codex-root/div[1]/home/div/projectdetails/div[1]/div/div[2]/div/div[1]/div[18]/div/p[2]/span</arg>
<doc>Scrolls the element identified by ``locator`` into view.</doc>
<status status="PASS" starttime="20230214 14:49:13.839" endtime="20230214 14:49:14.124"/>
</kw>
<kw name="Click Element" library="SeleniumLibrary">
<arg>XPATH:/html/body/codex-root/div[1]/home/div/projectdetails/div[1]/div/div[2]/div/div[1]/div[18]/div/p[2]/span</arg>
<doc>Click the element identified by ``locator``.</doc>
<msg timestamp="20230214 14:49:14.124" level="INFO">Clicking element 'XPATH:/html/body/codex-root/div[1]/home/div/projectdetails/div[1]/div/div[2]/div/div[1]/div[18]/div/p[2]/span'.</msg>
<status status="PASS" starttime="20230214 14:49:14.124" endtime="20230214 14:49:14.213"/>
</kw>
<kw name="Sleep" library="BuiltIn">
<arg>7</arg>
<doc>Pauses the test executed for the given time.</doc>
<msg timestamp="20230214 14:49:21.213" level="INFO">Slept 7 seconds</msg>
<status status="PASS" starttime="20230214 14:49:14.213" endtime="20230214 14:49:21.213"/>
</kw>
<kw name="Click Element" library="SeleniumLibrary">
<arg>XPATH:/html/body/codex-root/div[1]/home/div/app-dependency/div[1]/div/div[2]/div[3]/button</arg>
<doc>Click the element identified by ``locator``.</doc>
<msg timestamp="20230214 14:49:21.213" level="INFO">Clicking element 'XPATH:/html/body/codex-root/div[1]/home/div/app-dependency/div[1]/div/div[2]/div[3]/button'.</msg>
<status status="PASS" starttime="20230214 14:49:21.213" endtime="20230214 14:49:21.294"/>
</kw>
<kw name="Sleep" library="BuiltIn">
<arg>2</arg>
<doc>Pauses the test executed for the given time.</doc>
<msg timestamp="20230214 14:49:23.294" level="INFO">Slept 2 seconds</msg>
<status status="PASS" starttime="20230214 14:49:21.294" endtime="20230214 14:49:23.294"/>
</kw>
<kw name="Click Element" library="SeleniumLibrary">
<arg>name:title</arg>
<doc>Click the element identified by ``locator``.</doc>
<msg timestamp="20230214 14:49:23.294" level="INFO">Clicking element 'name:title'.</msg>
<status status="PASS" starttime="20230214 14:49:23.294" endtime="20230214 14:49:23.378"/>
</kw>
<kw name="Input Text" library="SeleniumLibrary">
<arg>name:title</arg>
<arg>*IGNORE THIS - Testing purpose only*</arg>
<doc>Types the given ``text`` into the text field identified by ``locator``.</doc>
<msg timestamp="20230214 14:49:23.378" level="INFO">Typing text '*IGNORE THIS - Testing purpose only*' into text field 'name:title'.</msg>
<status status="PASS" starttime="20230214 14:49:23.378" endtime="20230214 14:49:23.549"/>
</kw>
<kw name="Click Element" library="SeleniumLibrary">
<arg>XPATH:/html/body/codex-root/div[1]/home/div/app-dependency/div[2]/div/div/div[2]/form/div/div[2]/div[1]/textarea</arg>
<doc>Click the element identified by ``locator``.</doc>
<msg timestamp="20230214 14:49:23.555" level="INFO">Clicking element 'XPATH:/html/body/codex-root/div[1]/home/div/app-dependency/div[2]/div/div/div[2]/form/div/div[2]/div[1]/textarea'.</msg>
<status status="PASS" starttime="20230214 14:49:23.549" endtime="20230214 14:49:23.609"/>
</kw>
<kw name="Input Text" library="SeleniumLibrary">
<arg>XPATH:/html/body/codex-root/div[1]/home/div/app-dependency/div[2]/div/div/div[2]/form/div/div[2]/div[1]/textarea</arg>
<arg>TESTING PURPOSE</arg>
<doc>Types the given ``text`` into the text field identified by ``locator``.</doc>
<msg timestamp="20230214 14:49:23.609" level="INFO">Typing text 'TESTING PURPOSE' into text field 'XPATH:/html/body/codex-root/div[1]/home/div/app-dependency/div[2]/div/div/div[2]/form/div/div[2]/div[1]/textarea'.</msg>
<status status="PASS" starttime="20230214 14:49:23.609" endtime="20230214 14:49:23.754"/>
</kw>
<kw name="Click Element" library="SeleniumLibrary">
<arg>name:selectedCodex</arg>
<doc>Click the element identified by ``locator``.</doc>
<msg timestamp="20230214 14:49:23.755" level="INFO">Clicking element 'name:selectedCodex'.</msg>
<status status="PASS" starttime="20230214 14:49:23.754" endtime="20230214 14:49:23.835"/>
</kw>
<kw name="Click Element" library="SeleniumLibrary">
<arg>XPATH:/html/body/codex-root/div[1]/home/div/app-dependency/div[2]/div/div/div[2]/form/div/div[2]/div[2]/select/option[2]</arg>
<doc>Click the element identified by ``locator``.</doc>
<msg timestamp="20230214 14:49:23.835" level="INFO">Clicking element 'XPATH:/html/body/codex-root/div[1]/home/div/app-dependency/div[2]/div/div/div[2]/form/div/div[2]/div[2]/select/option[2]'.</msg>
<status status="PASS" starttime="20230214 14:49:23.835" endtime="20230214 14:49:23.881"/>
</kw>
<kw name="Click Element" library="SeleniumLibrary">
<arg>XPATH:/html/body/codex-root/div[1]/home/div/app-dependency/div[2]/div/div/div[2]/form/div/div[1]/div[6]/span[2]/label</arg>
<doc>Click the element identified by ``locator``.</doc>
<msg timestamp="20230214 14:49:23.886" level="INFO">Clicking element 'XPATH:/html/body/codex-root/div[1]/home/div/app-dependency/div[2]/div/div/div[2]/form/div/div[1]/div[6]/span[2]/label'.</msg>
<status status="PASS" starttime="20230214 14:49:23.886" endtime="20230214 14:49:23.961"/>
</kw>
<kw name="Scroll Element Into View" library="SeleniumLibrary">
<arg>XPATH:/html/body/codex-root/div[1]/home/div/app-dependency/div[2]/div/div/div[2]/form/div/div[1]/div[7]/p[3]/label</arg>
<doc>Scrolls the element identified by ``locator`` into view.</doc>
<status status="PASS" starttime="20230214 14:49:23.961" endtime="20230214 14:49:24.272"/>
</kw>
<kw name="Click Element" library="SeleniumLibrary">
<arg>XPATH:/html/body/codex-root/div[1]/home/div/app-dependency/div[2]/div/div/div[2]/form/div/div[1]/div[7]/p[3]/label</arg>
<doc>Click the element identified by ``locator``.</doc>
<msg timestamp="20230214 14:49:24.272" level="INFO">Clicking element 'XPATH:/html/body/codex-root/div[1]/home/div/app-dependency/div[2]/div/div/div[2]/form/div/div[1]/div[7]/p[3]/label'.</msg>
<status status="PASS" starttime="20230214 14:49:24.272" endtime="20230214 14:49:24.311"/>
</kw>
<kw name="Click Element" library="SeleniumLibrary">
<arg>XPATH:/html/body/codex-root/div[1]/home/div/app-dependency/div[2]/div/div/div[3]/div[3]/button[1]</arg>
<doc>Click the element identified by ``locator``.</doc>
<msg timestamp="20230214 14:49:24.315" level="INFO">Clicking element 'XPATH:/html/body/codex-root/div[1]/home/div/app-dependency/div[2]/div/div/div[3]/div[3]/button[1]'.</msg>
<status status="PASS" starttime="20230214 14:49:24.314" endtime="20230214 14:49:24.375"/>
</kw>
<kw name="Sleep" library="BuiltIn">
<arg>4</arg>
<doc>Pauses the test executed for the given time.</doc>
<msg timestamp="20230214 14:49:28.376" level="INFO">Slept 4 seconds</msg>
<status status="PASS" starttime="20230214 14:49:24.375" endtime="20230214 14:49:28.376"/>
</kw>
<kw name="Capture Page Screenshot" library="SeleniumLibrary">
<arg>C:\Users\Jayabalaji.K\PycharmProjects\CodexStage\Dependency.png</arg>
<doc>Takes a screenshot of the current page and embeds it into a log file.</doc>
<msg timestamp="20230214 14:49:28.511" level="INFO" html="true">&lt;/td&gt;&lt;/tr&gt;&lt;tr&gt;&lt;td colspan="3"&gt;&lt;a href="UsersJayabalaji.KPycharmProjectsCodexStageDependency.png"&gt;&lt;img src="UsersJayabalaji.KPycharmProjectsCodexStageDependency.png" width="800px"&gt;&lt;/a&gt;</msg>
<status status="PASS" starttime="20230214 14:49:28.376" endtime="20230214 14:49:28.511"/>
</kw>
<kw name="Sleep" library="BuiltIn">
<arg>4</arg>
<doc>Pauses the test executed for the given time.</doc>
<msg timestamp="20230214 14:49:32.527" level="INFO">Slept 4 seconds</msg>
<status status="PASS" starttime="20230214 14:49:28.511" endtime="20230214 14:49:32.527"/>
</kw>
<kw name="Click Element" library="SeleniumLibrary">
<arg>XPATH:/html/body/codex-root/div[1]/home/app-header/div[1]/div[13]/div[1]/div/span[2]/ul/li[2]/span[1]</arg>
<doc>Click the element identified by ``locator``.</doc>
<msg timestamp="20230214 14:49:32.527" level="INFO">Clicking element 'XPATH:/html/body/codex-root/div[1]/home/app-header/div[1]/div[13]/div[1]/div/span[2]/ul/li[2]/span[1]'.</msg>
<status status="PASS" starttime="20230214 14:49:32.527" endtime="20230214 14:49:32.638"/>
</kw>
<kw name="Sleep" library="BuiltIn">
<arg>5</arg>
<doc>Pauses the test executed for the given time.</doc>
<msg timestamp="20230214 14:49:37.640" level="INFO">Slept 5 seconds</msg>
<status status="PASS" starttime="20230214 14:49:32.640" endtime="20230214 14:49:37.640"/>
</kw>
<kw name="Scroll Element Into View" library="SeleniumLibrary">
<arg>XPATH://*[@id="feature18"]/div/p[2]/span</arg>
<doc>Scrolls the element identified by ``locator`` into view.</doc>
<status status="PASS" starttime="20230214 14:49:37.640" endtime="20230214 14:49:37.928"/>
</kw>
<kw name="Click Element" library="SeleniumLibrary">
<arg>XPATH://*[@id="feature18"]/div/p[2]/span</arg>
<doc>Click the element identified by ``locator``.</doc>
<msg timestamp="20230214 14:49:37.928" level="INFO">Clicking element 'XPATH://*[@id="feature18"]/div/p[2]/span'.</msg>
<status status="PASS" starttime="20230214 14:49:37.928" endtime="20230214 14:49:38.038"/>
</kw>
<kw name="Sleep" library="BuiltIn">
<arg>7</arg>
<doc>Pauses the test executed for the given time.</doc>
<msg timestamp="20230214 14:49:45.039" level="INFO">Slept 7 seconds</msg>
<status status="PASS" starttime="20230214 14:49:38.038" endtime="20230214 14:49:45.039"/>
</kw>
<kw name="Click Element" library="SeleniumLibrary">
<arg>XPATH:/html/body/codex-root/div[1]/home/div/app-assumption-management/div[1]/div/div[4]/button</arg>
<doc>Click the element identified by ``locator``.</doc>
<msg timestamp="20230214 14:49:45.039" level="INFO">Clicking element 'XPATH:/html/body/codex-root/div[1]/home/div/app-assumption-management/div[1]/div/div[4]/button'.</msg>
<status status="PASS" starttime="20230214 14:49:45.039" endtime="20230214 14:49:45.102"/>
</kw>
<kw name="Sleep" library="BuiltIn">
<arg>4</arg>
<doc>Pauses the test executed for the given time.</doc>
<msg timestamp="20230214 14:49:49.103" level="INFO">Slept 4 seconds</msg>
<status status="PASS" starttime="20230214 14:49:45.102" endtime="20230214 14:49:49.103"/>
</kw>
<kw name="Click Element" library="SeleniumLibrary">
<arg>name:title</arg>
<doc>Click the element identified by ``locator``.</doc>
<msg timestamp="20230214 14:49:49.103" level="INFO">Clicking element 'name:title'.</msg>
<status status="PASS" starttime="20230214 14:49:49.103" endtime="20230214 14:49:49.175"/>
</kw>
<kw name="Input Text" library="SeleniumLibrary">
<arg>name:title</arg>
<arg>*IGNORE THIS - Testing purpose only*</arg>
<doc>Types the given ``text`` into the text field identified by ``locator``.</doc>
<msg timestamp="20230214 14:49:49.175" level="INFO">Typing text '*IGNORE THIS - Testing purpose only*' into text field 'name:title'.</msg>
<status status="PASS" starttime="20230214 14:49:49.175" endtime="20230214 14:49:49.374"/>
</kw>
<kw name="Click Element" library="SeleniumLibrary">
<arg>XPATH:/html/body/codex-root/div[1]/home/div/app-assumption-management/div[2]/div/div/form/div/div[2]/div[2]/textarea</arg>
<doc>Click the element identified by ``locator``.</doc>
<msg timestamp="20230214 14:49:49.374" level="INFO">Clicking element 'XPATH:/html/body/codex-root/div[1]/home/div/app-assumption-management/div[2]/div/div/form/div/div[2]/div[2]/textarea'.</msg>
<status status="PASS" starttime="20230214 14:49:49.374" endtime="20230214 14:49:49.429"/>
</kw>
<kw name="Input Text" library="SeleniumLibrary">
<arg>XPATH:/html/body/codex-root/div[1]/home/div/app-assumption-management/div[2]/div/div/form/div/div[2]/div[2]/textarea</arg>
<arg>TESTING VERTICALIZATION</arg>
<doc>Types the given ``text`` into the text field identified by ``locator``.</doc>
<msg timestamp="20230214 14:49:49.429" level="INFO">Typing text 'TESTING VERTICALIZATION' into text field 'XPATH:/html/body/codex-root/div[1]/home/div/app-assumption-management/div[2]/div/div/form/div/div[2]/div[2]/textarea'.</msg>
<status status="PASS" starttime="20230214 14:49:49.429" endtime="20230214 14:49:49.560"/>
</kw>
<kw name="Click Element" library="SeleniumLibrary">
<arg>XPATH:/html/body/codex-root/div[1]/home/div/app-assumption-management/div[2]/div/div/form/div/div[2]/div[3]/div[1]/select</arg>
<doc>Click the element identified by ``locator``.</doc>
<msg timestamp="20230214 14:49:49.560" level="INFO">Clicking element 'XPATH:/html/body/codex-root/div[1]/home/div/app-assumption-management/div[2]/div/div/form/div/div[2]/div[3]/div[1]/select'.</msg>
<status status="PASS" starttime="20230214 14:49:49.560" endtime="20230214 14:49:49.638"/>
</kw>
<kw name="Click Element" library="SeleniumLibrary">
<arg>XPATH:/html/body/codex-root/div[1]/home/div/app-assumption-management/div[2]/div/div/form/div/div[2]/div[3]/div[1]/select/option[2]</arg>
<doc>Click the element identified by ``locator``.</doc>
<msg timestamp="20230214 14:49:49.646" level="INFO">Clicking element 'XPATH:/html/body/codex-root/div[1]/home/div/app-assumption-management/div[2]/div/div/form/div/div[2]/div[3]/div[1]/select/option[2]'.</msg>
<status status="PASS" starttime="20230214 14:49:49.646" endtime="20230214 14:49:49.687"/>
</kw>
<kw name="Click Element" library="SeleniumLibrary">
<arg>XPATH:/html/body/codex-root/div[1]/home/div/app-assumption-management/div[2]/div/div/form/div/div[1]/div[6]/div/div[2]/label/span</arg>
<doc>Click the element identified by ``locator``.</doc>
<msg timestamp="20230214 14:49:49.691" level="INFO">Clicking element 'XPATH:/html/body/codex-root/div[1]/home/div/app-assumption-management/div[2]/div/div/form/div/div[1]/div[6]/div/div[2]/label/span'.</msg>
<status status="PASS" starttime="20230214 14:49:49.687" endtime="20230214 14:49:49.775"/>
</kw>
<kw name="Scroll Element Into View" library="SeleniumLibrary">
<arg>XPATH:/html/body/codex-root/div[1]/home/div/app-assumption-management/div[2]/div/div/div[2]/div[3]/button[1]</arg>
<doc>Scrolls the element identified by ``locator`` into view.</doc>
<status status="PASS" starttime="20230214 14:49:49.775" endtime="20230214 14:49:50.068"/>
</kw>
<kw name="Capture Page Screenshot" library="SeleniumLibrary">
<arg>C:\Users\Jayabalaji.K\PycharmProjects\CodexStage\Assumption.png</arg>
<doc>Takes a screenshot of the current page and embeds it into a log file.</doc>
<msg timestamp="20230214 14:49:50.220" level="INFO" html="true">&lt;/td&gt;&lt;/tr&gt;&lt;tr&gt;&lt;td colspan="3"&gt;&lt;a href="UsersJayabalaji.KPycharmProjectsCodexStageAssumption.png"&gt;&lt;img src="UsersJayabalaji.KPycharmProjectsCodexStageAssumption.png" width="800px"&gt;&lt;/a&gt;</msg>
<status status="PASS" starttime="20230214 14:49:50.068" endtime="20230214 14:49:50.220"/>
</kw>
<kw name="Click Element" library="SeleniumLibrary">
<arg>XPATH:/html/body/codex-root/div[1]/home/div/app-assumption-management/div[2]/div/div/div[2]/div[3]/button[1]</arg>
<doc>Click the element identified by ``locator``.</doc>
<msg timestamp="20230214 14:49:50.220" level="INFO">Clicking element 'XPATH:/html/body/codex-root/div[1]/home/div/app-assumption-management/div[2]/div/div/div[2]/div[3]/button[1]'.</msg>
<status status="PASS" starttime="20230214 14:49:50.220" endtime="20230214 14:49:50.277"/>
</kw>
<kw name="Sleep" library="BuiltIn">
<arg>8</arg>
<doc>Pauses the test executed for the given time.</doc>
<msg timestamp="20230214 14:49:58.277" level="INFO">Slept 8 seconds</msg>
<status status="PASS" starttime="20230214 14:49:50.277" endtime="20230214 14:49:58.277"/>
</kw>
<kw name="Click Element" library="SeleniumLibrary">
<arg>XPATH:/html/body/codex-root/div[1]/home/app-header/div[1]/div[13]/div[1]/div/span[2]/ul/li[2]/span[1]</arg>
<doc>Click the element identified by ``locator``.</doc>
<msg timestamp="20230214 14:49:58.277" level="INFO">Clicking element 'XPATH:/html/body/codex-root/div[1]/home/app-header/div[1]/div[13]/div[1]/div/span[2]/ul/li[2]/span[1]'.</msg>
<status status="PASS" starttime="20230214 14:49:58.277" endtime="20230214 14:49:58.366"/>
</kw>
<kw name="Sleep" library="BuiltIn">
<arg>2</arg>
<doc>Pauses the test executed for the given time.</doc>
<msg timestamp="20230214 14:50:00.366" level="INFO">Slept 2 seconds</msg>
<status status="PASS" starttime="20230214 14:49:58.366" endtime="20230214 14:50:00.366"/>
</kw>
<status status="PASS" starttime="20230214 14:39:08.700" endtime="20230214 14:50:00.366"/>
</test>
<kw name="Close Browser" library="SeleniumLibrary" type="TEARDOWN">
<doc>Closes the current browser.</doc>
<status status="PASS" starttime="20230214 14:50:00.369" endtime="20230214 14:50:06.205"/>
</kw>
<status status="PASS" starttime="20230214 14:39:08.169" endtime="20230214 14:50:06.205"/>
</suite>
<statistics>
<total>
<stat pass="1" fail="0" skip="0">All Tests</stat>
</total>
<tag>
</tag>
<suite>
<stat pass="1" fail="0" skip="0" id="s1" name="LinkedProject">LinkedProject</stat>
</suite>
</statistics>
<errors>
</errors>
</robot>
